{"name":"networkSharing","hostname":"avis-MBP","pid":10420,"level":30,"ip":"109.186.238.61","status":"active","msg":"","time":"2018-11-04T13:40:14.129Z","v":0}
{"name":"networkSharing","hostname":"avis-MBP","pid":10593,"level":30,"msg":"undefined","time":"2018-11-04T14:06:15.753Z","v":0}
{"name":"networkSharing","hostname":"avis-MBP","pid":10634,"level":30,"msg":"undefined","time":"2018-11-04T14:08:34.604Z","v":0}
{"name":"networkSharing","hostname":"avis-MBP","pid":10650,"level":30,"msg":"undefined","time":"2018-11-04T14:09:53.928Z","v":0}
{"name":"networkSharing","hostname":"avis-MBP","pid":10679,"level":30,"msg":"undefined","time":"2018-11-04T14:14:20.668Z","v":0}
{"name":"networkSharing","hostname":"avis-MBP","pid":10690,"level":30,"msg":"undefined","time":"2018-11-04T14:15:00.410Z","v":0}
{"name":"networkSharing","hostname":"avis-MBP","pid":10704,"level":30,"msg":"undefined","time":"2018-11-04T14:16:15.264Z","v":0}
{"name":"networkSharing","hostname":"avis-MBP","pid":10758,"level":30,"msg":"undefined","time":"2018-11-04T14:22:27.487Z","v":0}
{"name":"networkSharing","hostname":"avis-MBP","pid":10789,"level":30,"msg":"undefined","time":"2018-11-04T14:23:49.231Z","v":0}
{"name":"networkSharing","hostname":"avis-MBP","pid":10789,"level":30,"msg":"undefined","time":"2018-11-04T14:23:53.624Z","v":0}
{"name":"networkSharing","hostname":"avis-MBP","pid":10889,"level":30,"msg":"undefined","time":"2018-11-04T14:32:21.651Z","v":0}
{"name":"networkSharing","hostname":"avis-MBP","pid":10900,"level":30,"msg":"undefined","time":"2018-11-04T14:32:41.449Z","v":0}
{"name":"networkSharing","hostname":"avis-MBP","pid":11097,"level":30,"msg":"undefined","time":"2018-11-04T14:49:15.310Z","v":0}
{"name":"networkSharing","hostname":"avis-MBP","pid":11108,"level":30,"msg":"undefined","time":"2018-11-04T14:49:48.556Z","v":0}
{"name":"networkSharing","hostname":"avis-MBP","pid":11120,"level":30,"msg":"undefined","time":"2018-11-04T14:50:15.815Z","v":0}
{"name":"networkSharing","hostname":"avis-MBP","pid":11131,"level":30,"msg":"undefined","time":"2018-11-04T14:50:48.840Z","v":0}
{"name":"networkSharing","hostname":"avis-MBP","pid":11142,"level":30,"msg":"undefined","time":"2018-11-04T14:51:23.541Z","v":0}
{"name":"networkSharing","hostname":"avis-MBP","pid":11142,"level":30,"msg":"undefined","time":"2018-11-04T14:51:36.095Z","v":0}
{"name":"networkSharing","hostname":"avis-MBP","pid":11154,"level":30,"ip":"109.186.238.61","status":"inactive","msg":"","time":"2018-11-04T14:52:43.879Z","v":0}
{"name":"networkSharing","hostname":"avis-MBP","pid":11181,"level":30,"ip":"109.186.238.61","status":"active","msg":"","time":"2018-11-04T14:54:52.102Z","v":0}
{"name":"networkSharing","hostname":"avis-MBP","pid":11181,"level":30,"ip":"109.186.238.61","status":"inactive","msg":"","time":"2018-11-04T14:55:00.285Z","v":0}
{"name":"networkSharing","hostname":"avis-MBP","pid":11214,"level":30,"ip":"109.186.238.61","status":"active","msg":"","time":"2018-11-04T14:56:36.598Z","v":0}
{"name":"networkSharing","hostname":"avis-MBP","pid":11214,"level":30,"ip":"109.186.238.61","status":"inactive","msg":"","time":"2018-11-04T14:56:41.285Z","v":0}
{"name":"networkSharing","hostname":"avis-MBP","pid":11236,"level":30,"ip":"109.186.238.61","status":"active","msg":"","time":"2018-11-04T14:57:23.103Z","v":0}
{"name":"networkSharing","hostname":"avis-MBP","pid":11236,"level":30,"ip":"109.186.238.61","status":"inactive","msg":"","time":"2018-11-04T14:57:28.952Z","v":0}
{"name":"networkSharing","hostname":"avis-MBP","pid":11249,"level":30,"ip":"109.186.238.61","status":"active","msg":"","time":"2018-11-04T14:58:18.487Z","v":0}
{"name":"networkSharing","hostname":"avis-MBP","pid":11249,"level":30,"ip":"109.186.238.61","status":"inactive","msg":"","time":"2018-11-04T14:58:23.471Z","v":0}
{"name":"networkSharing","hostname":"avis-MBP","pid":11674,"level":30,"ip":"109.186.238.61","status":"active","msg":"","time":"2018-11-04T15:36:54.929Z","v":0}
{"name":"networkSharing","hostname":"avis-MBP","pid":11845,"level":30,"msg":"listing to port 3000","time":"2018-11-04T15:51:30.007Z","v":0}
{"name":"networkSharing","hostname":"avis-MBP","pid":11891,"level":30,"msg":"listing to port 3000","time":"2018-11-04T15:58:12.207Z","v":0}
{"name":"networkSharing","hostname":"avis-MBP","pid":11904,"level":30,"msg":"listing to port 3000","time":"2018-11-04T15:59:07.151Z","v":0}
{"name":"networkSharing","hostname":"avis-MBP","pid":11904,"level":30,"ip":"109.186.238.61","status":"inactive","msg":"","time":"2018-11-04T15:59:33.082Z","v":0}
{"name":"networkSharing","hostname":"avis-MBP","pid":11904,"level":30,"ip":"109.186.238.61","status":"active","msg":"","time":"2018-11-04T15:59:55.400Z","v":0}
{"name":"networkSharing","hostname":"avis-MBP","pid":11919,"level":30,"msg":"listing to port 3000","time":"2018-11-04T16:01:26.813Z","v":0}
{"name":"networkSharing","hostname":"avis-MBP","pid":11941,"level":30,"msg":"listing to port 3000","time":"2018-11-04T16:03:01.225Z","v":0}
{"name":"networkSharing","hostname":"avis-MBP","pid":11952,"level":30,"msg":"listing to port 3000","time":"2018-11-04T16:03:35.440Z","v":0}
{"name":"networkSharing","hostname":"avis-MBP","pid":11963,"level":30,"msg":"listing to port 3000","time":"2018-11-04T16:04:09.975Z","v":0}
{"name":"networkSharing","hostname":"avis-MBP","pid":11987,"level":30,"msg":"listing to port 3000","time":"2018-11-04T16:10:37.597Z","v":0}
{"name":"networkSharing","hostname":"avis-MBP","pid":11998,"level":30,"msg":"listing to port 3000","time":"2018-11-04T16:11:05.951Z","v":0}
{"name":"networkSharing","hostname":"avis-MBP","pid":12010,"level":30,"msg":"listing to port 3000","time":"2018-11-04T16:12:33.782Z","v":0}
{"name":"networkSharing","hostname":"avis-MBP","pid":12022,"level":30,"msg":"listing to port 3000","time":"2018-11-04T16:13:02.691Z","v":0}
{"name":"networkSharing","hostname":"avis-MBP","pid":12068,"level":30,"msg":"listing to port 3000","time":"2018-11-04T16:16:03.401Z","v":0}
{"name":"networkSharing","hostname":"avis-MBP","pid":12081,"level":30,"msg":"listing to port 3000","time":"2018-11-04T16:18:02.172Z","v":0}
{"name":"networkSharing","hostname":"avis-MBP","pid":12092,"level":30,"msg":"listing to port 3000","time":"2018-11-04T16:19:15.026Z","v":0}
{"name":"networkSharing","hostname":"avis-MBP","pid":12092,"level":30,"ip":"109.186.238.61","status":"inactive","msg":"","time":"2018-11-04T16:49:39.964Z","v":0}
{"name":"networkSharing","hostname":"avis-MBP","pid":12092,"level":30,"ip":"109.186.238.61","status":"active","msg":"","time":"2018-11-04T16:49:40.443Z","v":0}
{"name":"networkSharing","hostname":"avis-MBP","pid":12092,"level":30,"ip":"109.186.238.61","status":"inactive","msg":"","time":"2018-11-04T16:49:56.171Z","v":0}
{"name":"networkSharing","hostname":"avis-MBP","pid":12092,"level":30,"ip":"109.186.238.61","status":"active","msg":"","time":"2018-11-04T16:56:25.420Z","v":0}
{"name":"networkSharing","hostname":"avis-MBP","pid":12092,"level":30,"ip":"109.186.238.61","status":"inactive","msg":"","time":"2018-11-04T16:56:36.525Z","v":0}
{"name":"networkSharing","hostname":"avis-MBP","pid":12247,"level":30,"msg":"listing to port 3000","time":"2018-11-04T17:07:23.172Z","v":0}
{"name":"networkSharing","hostname":"avis-MBP","pid":12259,"level":30,"msg":"listing to port 3000","time":"2018-11-04T17:08:25.853Z","v":0}
{"name":"networkSharing","hostname":"avis-MBP","pid":12259,"level":30,"ip":"109.186.238.61","status":"inactive","msg":"","time":"2018-11-04T17:12:26.937Z","v":0}
{"name":"networkSharing","hostname":"avis-MBP","pid":12737,"level":30,"msg":"listing to port 3000","time":"2018-11-04T20:55:06.000Z","v":0}
{"name":"networkSharing","hostname":"avis-MBP","pid":12737,"level":30,"ip":"109.186.238.61","status":"inactive","msg":"","time":"2018-11-04T20:55:09.740Z","v":0}
{"name":"networkSharing","hostname":"avis-MBP","pid":13259,"level":30,"msg":"listing to port 3000","time":"2018-11-05T07:45:36.263Z","v":0}
{"name":"networkSharing","hostname":"avis-MBP","pid":13270,"level":30,"msg":"listing to port 3000","time":"2018-11-05T07:46:07.940Z","v":0}
{"name":"networkSharing","hostname":"avis-MBP","pid":13299,"level":30,"msg":"listing to port 3000","time":"2018-11-05T07:50:17.431Z","v":0}
{"name":"networkSharing","hostname":"avis-MBP","pid":13330,"level":30,"msg":"listing to port 3000","time":"2018-11-05T07:58:47.949Z","v":0}
{"name":"networkSharing","hostname":"avis-MBP","pid":13341,"level":30,"msg":"listing to port 3000","time":"2018-11-05T07:59:35.992Z","v":0}
{"name":"networkSharing","hostname":"avis-MBP","pid":13352,"level":30,"msg":"listing to port 3000","time":"2018-11-05T07:59:51.819Z","v":0}
{"name":"networkSharing","hostname":"avis-MBP","pid":13365,"level":30,"msg":"listing to port 3000","time":"2018-11-05T08:00:24.274Z","v":0}
{"name":"networkSharing","hostname":"avis-MBP","pid":13378,"level":30,"msg":"listing to port 3000","time":"2018-11-05T08:01:41.397Z","v":0}
{"name":"networkSharing","hostname":"avis-MBP","pid":13396,"level":30,"msg":"listing to port 3000","time":"2018-11-05T08:04:09.734Z","v":0}
{"name":"networkSharing","hostname":"avis-MBP","pid":13408,"level":30,"msg":"listing to port 3000","time":"2018-11-05T08:05:46.756Z","v":0}
{"name":"networkSharing","color":"blue","hostname":"avis-MBP","pid":13455,"level":30,"msg":"listing to port 3000","time":"2018-11-05T08:09:19.641Z","v":0}
{"name":"networkSharing","color":"blue","hostname":"avis-MBP","pid":13487,"level":30,"msg":"listing to port 3000","time":"2018-11-05T08:10:03.671Z","v":0}
{"name":"networkSharing","hostname":"avis-MBP","pid":13520,"level":30,"msg":"listing to port 3000","time":"2018-11-05T08:11:17.558Z","v":0}
{"name":"networkSharing","hostname":"avis-MBP","pid":13531,"level":30,"msg":"listing to port 3000","time":"2018-11-05T08:11:43.511Z","v":0}
{"name":"networkSharing","hostname":"avis-MBP","pid":13561,"level":30,"msg":"listing to port 3000","time":"2018-11-05T08:26:59.686Z","v":0}
{"name":"networkSharing","hostname":"avis-MBP","pid":13575,"level":30,"msg":"listing to port 3000","time":"2018-11-05T08:29:48.697Z","v":0}
{"name":"networkSharing","hostname":"avis-MBP","pid":13575,"level":30,"msg":"connecting to mongodb","time":"2018-11-05T08:29:48.718Z","v":0}
{"name":"networkSharing","hostname":"avis-MacBook-Pro.local","pid":53774,"level":30,"msg":"listing to port 3000","time":"2018-11-26T09:10:45.884Z","v":0}
{"name":"networkSharing","hostname":"avis-MacBook-Pro.local","pid":53774,"level":30,"msg":"connecting to mongodb","time":"2018-11-26T09:10:45.905Z","v":0}
{"name":"letUsKnow","hostname":"avis-MacBook-Pro.local","pid":53785,"level":30,"msg":"listing to port 3000","time":"2018-11-26T09:11:06.901Z","v":0}
{"name":"letUsKnow","hostname":"avis-MacBook-Pro.local","pid":53785,"level":30,"msg":"connecting to mongodb","time":"2018-11-26T09:11:06.919Z","v":0}
{"name":"letUsKnow","hostname":"avis-MacBook-Pro.local","pid":53895,"level":30,"msg":"listing to port 3000","time":"2018-11-26T09:26:37.136Z","v":0}
{"name":"letUsKnow","hostname":"avis-MacBook-Pro.local","pid":53895,"level":30,"msg":"connecting to mongodb","time":"2018-11-26T09:26:37.155Z","v":0}
{"name":"letUsKnow","hostname":"avis-MacBook-Pro.local","pid":53906,"level":30,"msg":"listing to port 3000","time":"2018-11-26T09:27:19.551Z","v":0}
{"name":"letUsKnow","hostname":"avis-MacBook-Pro.local","pid":53906,"level":30,"msg":"connecting to mongodb","time":"2018-11-26T09:27:19.570Z","v":0}
{"name":"letUsKnow","hostname":"avis-MacBook-Pro.local","pid":53917,"level":30,"msg":"listing to port 3000","time":"2018-11-26T09:27:36.249Z","v":0}
{"name":"letUsKnow","hostname":"avis-MacBook-Pro.local","pid":53917,"level":30,"msg":"connecting to mongodb","time":"2018-11-26T09:27:36.274Z","v":0}
{"name":"letUsKnow","hostname":"avis-MacBook-Pro.local","pid":53929,"level":30,"msg":"listing to port 3000","time":"2018-11-26T09:29:10.236Z","v":0}
{"name":"letUsKnow","hostname":"avis-MacBook-Pro.local","pid":53929,"level":30,"msg":"connecting to mongodb","time":"2018-11-26T09:29:10.255Z","v":0}
{"name":"letUsKnow","hostname":"avis-MacBook-Pro.local","pid":53941,"level":30,"msg":"listing to port 3000","time":"2018-11-26T09:29:52.230Z","v":0}
{"name":"letUsKnow","hostname":"avis-MacBook-Pro.local","pid":53941,"level":30,"msg":"connecting to mongodb","time":"2018-11-26T09:29:52.252Z","v":0}
{"name":"letUsKnow","hostname":"avis-MacBook-Pro.local","pid":53953,"level":30,"msg":"listing to port 3000","time":"2018-11-26T09:30:05.993Z","v":0}
{"name":"letUsKnow","hostname":"avis-MacBook-Pro.local","pid":53953,"level":30,"msg":"connecting to mongodb","time":"2018-11-26T09:30:06.011Z","v":0}
{"name":"letUsKnow","hostname":"avis-MacBook-Pro.local","pid":53972,"level":30,"msg":"listing to port 3000","time":"2018-11-26T09:31:32.758Z","v":0}
{"name":"letUsKnow","hostname":"avis-MacBook-Pro.local","pid":53972,"level":30,"msg":"connecting to mongodb","time":"2018-11-26T09:31:32.777Z","v":0}
{"name":"letUsKnow","hostname":"avis-MacBook-Pro.local","pid":53986,"level":30,"msg":"listing to port 3000","time":"2018-11-26T09:32:33.381Z","v":0}
{"name":"letUsKnow","hostname":"avis-MacBook-Pro.local","pid":53986,"level":30,"msg":"connecting to mongodb","time":"2018-11-26T09:32:33.423Z","v":0}
{"name":"letUsKnow","hostname":"avis-MacBook-Pro.local","pid":54005,"level":30,"msg":"listing to port 3000","time":"2018-11-26T09:33:29.560Z","v":0}
{"name":"letUsKnow","hostname":"avis-MacBook-Pro.local","pid":54005,"level":30,"msg":"connecting to mongodb","time":"2018-11-26T09:33:29.581Z","v":0}
{"name":"letUsKnow","hostname":"avis-MacBook-Pro.local","pid":54016,"level":30,"msg":"listing to port 3000","time":"2018-11-26T09:35:11.084Z","v":0}
{"name":"letUsKnow","hostname":"avis-MacBook-Pro.local","pid":54016,"level":30,"msg":"connecting to mongodb","time":"2018-11-26T09:35:11.107Z","v":0}
{"name":"letUsKnow","hostname":"avis-MacBook-Pro.local","pid":54055,"level":30,"msg":"listing to port 3000","time":"2018-11-26T09:45:27.265Z","v":0}
{"name":"letUsKnow","hostname":"avis-MacBook-Pro.local","pid":54055,"level":30,"msg":"connecting to mongodb","time":"2018-11-26T09:45:27.285Z","v":0}
{"name":"letUsKnow","hostname":"avis-MacBook-Pro.local","pid":54066,"level":30,"msg":"listing to port 3000","time":"2018-11-26T09:46:21.673Z","v":0}
{"name":"letUsKnow","hostname":"avis-MacBook-Pro.local","pid":54066,"level":30,"msg":"connecting to mongodb","time":"2018-11-26T09:46:21.694Z","v":0}
{"name":"letUsKnow","hostname":"avis-MacBook-Pro.local","pid":54078,"level":30,"msg":"listing to port 3000","time":"2018-11-26T09:47:26.829Z","v":0}
{"name":"letUsKnow","hostname":"avis-MacBook-Pro.local","pid":54078,"level":30,"msg":"connecting to mongodb","time":"2018-11-26T09:47:26.891Z","v":0}
{"name":"letUsKnow","hostname":"avis-MacBook-Pro.local","pid":54088,"level":30,"msg":"listing to port 3000","time":"2018-11-26T09:48:43.644Z","v":0}
{"name":"letUsKnow","hostname":"avis-MacBook-Pro.local","pid":54088,"level":30,"msg":"connecting to mongodb","time":"2018-11-26T09:48:43.663Z","v":0}
{"name":"letUsKnow","hostname":"avis-MacBook-Pro.local","pid":54100,"level":30,"msg":"listing to port 3000","time":"2018-11-26T09:49:30.889Z","v":0}
{"name":"letUsKnow","hostname":"avis-MacBook-Pro.local","pid":54100,"level":30,"msg":"connecting to mongodb","time":"2018-11-26T09:49:30.908Z","v":0}
{"name":"letUsKnow","hostname":"avis-MacBook-Pro.local","pid":54113,"level":30,"msg":"listing to port 3000","time":"2018-11-26T09:50:49.081Z","v":0}
{"name":"letUsKnow","hostname":"avis-MacBook-Pro.local","pid":54113,"level":30,"msg":"connecting to mongodb","time":"2018-11-26T09:50:49.102Z","v":0}
{"name":"letUsKnow","hostname":"avis-MacBook-Pro.local","pid":54124,"level":30,"msg":"listing to port 3000","time":"2018-11-26T09:51:32.157Z","v":0}
{"name":"letUsKnow","hostname":"avis-MacBook-Pro.local","pid":54124,"level":30,"msg":"connecting to mongodb","time":"2018-11-26T09:51:32.176Z","v":0}
{"name":"letUsKnow","hostname":"avis-MacBook-Pro.local","pid":54137,"level":30,"msg":"listing to port 3000","time":"2018-11-26T09:53:32.328Z","v":0}
{"name":"letUsKnow","hostname":"avis-MacBook-Pro.local","pid":54137,"level":30,"msg":"connecting to mongodb","time":"2018-11-26T09:53:32.352Z","v":0}
{"name":"letUsKnow","hostname":"avis-MacBook-Pro.local","pid":54149,"level":30,"msg":"listing to port 3000","time":"2018-11-26T09:54:22.629Z","v":0}
{"name":"letUsKnow","hostname":"avis-MacBook-Pro.local","pid":54149,"level":30,"msg":"connecting to mongodb","time":"2018-11-26T09:54:22.702Z","v":0}
{"name":"letUsKnow","hostname":"avis-MacBook-Pro.local","pid":54161,"level":30,"msg":"listing to port 3000","time":"2018-11-26T09:55:02.394Z","v":0}
{"name":"letUsKnow","hostname":"avis-MacBook-Pro.local","pid":54161,"level":30,"msg":"connecting to mongodb","time":"2018-11-26T09:55:02.413Z","v":0}
{"name":"letUsKnow","hostname":"avis-MacBook-Pro.local","pid":54172,"level":30,"msg":"listing to port 3000","time":"2018-11-26T09:55:29.022Z","v":0}
{"name":"letUsKnow","hostname":"avis-MacBook-Pro.local","pid":54172,"level":30,"msg":"connecting to mongodb","time":"2018-11-26T09:55:29.049Z","v":0}
{"name":"letUsKnow","hostname":"avis-MacBook-Pro.local","pid":54399,"level":30,"msg":"listing to port 3000","time":"2018-11-26T10:23:45.797Z","v":0}
{"name":"letUsKnow","hostname":"avis-MacBook-Pro.local","pid":54399,"level":30,"msg":"connecting to mongodb","time":"2018-11-26T10:23:45.814Z","v":0}
{"name":"letUsKnow","hostname":"avis-MacBook-Pro.local","pid":56016,"level":30,"msg":"listing to port 3000","time":"2018-11-26T15:23:22.723Z","v":0}
{"name":"letUsKnow","hostname":"avis-MacBook-Pro.local","pid":56016,"level":30,"msg":"connecting to mongodb","time":"2018-11-26T15:23:22.754Z","v":0}
{"name":"letUsKnow","hostname":"avis-MacBook-Pro.local","pid":56095,"level":30,"msg":"listing to port 3000","time":"2018-11-26T15:35:33.252Z","v":0}
{"name":"letUsKnow","hostname":"avis-MacBook-Pro.local","pid":56095,"level":30,"msg":"connecting to mongodb","time":"2018-11-26T15:35:33.272Z","v":0}
{"name":"letUsKnow","hostname":"avis-MacBook-Pro.local","pid":56161,"level":30,"msg":"listing to port 3000","time":"2018-11-26T15:58:17.714Z","v":0}
{"name":"letUsKnow","hostname":"avis-MacBook-Pro.local","pid":56161,"level":30,"msg":"connecting to mongodb","time":"2018-11-26T15:58:17.733Z","v":0}
{"name":"letUsKnow","hostname":"avis-MacBook-Pro.local","pid":56177,"level":30,"msg":"listing to port 3000","time":"2018-11-26T15:59:05.306Z","v":0}
{"name":"letUsKnow","hostname":"avis-MacBook-Pro.local","pid":56177,"level":30,"msg":"connecting to mongodb","time":"2018-11-26T15:59:05.331Z","v":0}
{"name":"letUsKnow","hostname":"avis-MacBook-Pro.local","pid":56190,"level":30,"msg":"listing to port 3000","time":"2018-11-26T16:00:23.111Z","v":0}
{"name":"letUsKnow","hostname":"avis-MacBook-Pro.local","pid":56190,"level":30,"msg":"connecting to mongodb","time":"2018-11-26T16:00:23.135Z","v":0}
{"name":"letUsKnow","hostname":"avis-MacBook-Pro.local","pid":56229,"level":30,"msg":"listing to port 3000","time":"2018-11-26T16:04:23.854Z","v":0}
{"name":"letUsKnow","hostname":"avis-MacBook-Pro.local","pid":56229,"level":30,"msg":"connecting to mongodb","time":"2018-11-26T16:04:23.871Z","v":0}
{"name":"letUsKnow","hostname":"avis-MacBook-Pro.local","pid":56241,"level":30,"msg":"listing to port 3000","time":"2018-11-26T16:05:14.480Z","v":0}
{"name":"letUsKnow","hostname":"avis-MacBook-Pro.local","pid":56241,"level":30,"msg":"connecting to mongodb","time":"2018-11-26T16:05:14.505Z","v":0}
{"name":"letUsKnow","hostname":"avis-MacBook-Pro.local","pid":56265,"level":30,"msg":"listing to port 3000","time":"2018-11-26T16:07:39.307Z","v":0}
{"name":"letUsKnow","hostname":"avis-MacBook-Pro.local","pid":56265,"level":30,"msg":"connecting to mongodb","time":"2018-11-26T16:07:39.326Z","v":0}
{"name":"letUsKnow","hostname":"avis-MacBook-Pro.local","pid":56280,"level":30,"msg":"listing to port 3000","time":"2018-11-26T16:10:42.275Z","v":0}
{"name":"letUsKnow","hostname":"avis-MacBook-Pro.local","pid":56280,"level":30,"msg":"connecting to mongodb","time":"2018-11-26T16:10:42.297Z","v":0}
{"name":"letUsKnow","hostname":"avis-MacBook-Pro.local","pid":56291,"level":30,"msg":"listing to port 3000","time":"2018-11-26T16:11:12.884Z","v":0}
{"name":"letUsKnow","hostname":"avis-MacBook-Pro.local","pid":56291,"level":30,"msg":"connecting to mongodb","time":"2018-11-26T16:11:12.902Z","v":0}
{"name":"letUsKnow","hostname":"avis-MacBook-Pro.local","pid":56314,"level":30,"msg":"listing to port 3000","time":"2018-11-26T16:15:31.543Z","v":0}
{"name":"letUsKnow","hostname":"avis-MacBook-Pro.local","pid":56314,"level":30,"msg":"connecting to mongodb","time":"2018-11-26T16:15:31.568Z","v":0}
{"name":"letUsKnow","hostname":"avis-MBP","pid":56489,"level":30,"msg":"listing to port 3000","time":"2018-11-26T16:59:31.935Z","v":0}
{"name":"letUsKnow","hostname":"avis-MBP","pid":56489,"level":30,"msg":"connecting to mongodb","time":"2018-11-26T16:59:31.956Z","v":0}
{"name":"letUsKnow","hostname":"avis-MBP","pid":56504,"level":30,"msg":"listing to port 3000","time":"2018-11-26T17:00:50.670Z","v":0}
{"name":"letUsKnow","hostname":"avis-MBP","pid":56504,"level":30,"msg":"connecting to mongodb","time":"2018-11-26T17:00:50.689Z","v":0}
{"name":"letUsKnow","hostname":"avis-MBP","pid":56522,"level":30,"msg":"listing to port 3000","time":"2018-11-26T17:05:42.114Z","v":0}
{"name":"letUsKnow","hostname":"avis-MBP","pid":56522,"level":30,"msg":"connecting to mongodb","time":"2018-11-26T17:05:42.137Z","v":0}
{"name":"letUsKnow","hostname":"avis-MBP","pid":56551,"level":30,"msg":"listing to port 3000","time":"2018-11-26T17:07:30.087Z","v":0}
{"name":"letUsKnow","hostname":"avis-MBP","pid":56551,"level":30,"msg":"connecting to mongodb","time":"2018-11-26T17:07:30.109Z","v":0}
{"name":"letUsKnow","hostname":"avis-MBP","pid":56564,"level":30,"msg":"listing to port 3000","time":"2018-11-26T17:08:52.985Z","v":0}
{"name":"letUsKnow","hostname":"avis-MBP","pid":56564,"level":30,"msg":"connecting to mongodb","time":"2018-11-26T17:08:53.005Z","v":0}
{"name":"letUsKnow","hostname":"avis-MBP","pid":56585,"level":30,"msg":"listing to port 3000","time":"2018-11-26T17:13:49.537Z","v":0}
{"name":"letUsKnow","hostname":"avis-MBP","pid":56585,"level":30,"msg":"connecting to mongodb","time":"2018-11-26T17:13:49.554Z","v":0}
{"name":"letUsKnow","hostname":"avis-MBP","pid":56596,"level":30,"msg":"listing to port 3000","time":"2018-11-26T17:15:45.794Z","v":0}
{"name":"letUsKnow","hostname":"avis-MBP","pid":56596,"level":30,"msg":"connecting to mongodb","time":"2018-11-26T17:15:45.812Z","v":0}
{"name":"letUsKnow","hostname":"avis-MBP","pid":56619,"level":30,"msg":"listing to port 3000","time":"2018-11-26T17:18:05.255Z","v":0}
{"name":"letUsKnow","hostname":"avis-MBP","pid":56619,"level":30,"msg":"connecting to mongodb","time":"2018-11-26T17:18:05.274Z","v":0}
{"name":"letUsKnow","hostname":"avis-MBP","pid":56631,"level":30,"msg":"listing to port 3000","time":"2018-11-26T17:18:51.928Z","v":0}
{"name":"letUsKnow","hostname":"avis-MBP","pid":56631,"level":30,"msg":"connecting to mongodb","time":"2018-11-26T17:18:51.946Z","v":0}
{"name":"letUsKnow","hostname":"avis-MBP","pid":56653,"level":30,"msg":"listing to port 3000","time":"2018-11-26T17:20:10.161Z","v":0}
{"name":"letUsKnow","hostname":"avis-MBP","pid":56653,"level":30,"msg":"connecting to mongodb","time":"2018-11-26T17:20:10.180Z","v":0}
{"name":"letUsKnow","hostname":"avis-MBP","pid":56689,"level":30,"msg":"listing to port 3000","time":"2018-11-26T17:22:15.798Z","v":0}
{"name":"letUsKnow","hostname":"avis-MBP","pid":56689,"level":30,"msg":"connecting to mongodb","time":"2018-11-26T17:22:15.824Z","v":0}
{"name":"letUsKnow","hostname":"avis-MBP","pid":56700,"level":30,"msg":"listing to port 3000","time":"2018-11-26T17:23:27.813Z","v":0}
{"name":"letUsKnow","hostname":"avis-MBP","pid":56700,"level":30,"msg":"connecting to mongodb","time":"2018-11-26T17:23:27.831Z","v":0}
{"name":"letUsKnow","hostname":"avis-MBP","pid":56715,"level":30,"msg":"listing to port 3000","time":"2018-11-26T17:28:37.148Z","v":0}
{"name":"letUsKnow","hostname":"avis-MBP","pid":56715,"level":30,"msg":"connecting to mongodb","time":"2018-11-26T17:28:37.165Z","v":0}
{"name":"letUsKnow","hostname":"avis-MBP","pid":56727,"level":30,"msg":"listing to port 3000","time":"2018-11-26T17:29:46.391Z","v":0}
{"name":"letUsKnow","hostname":"avis-MBP","pid":56727,"level":30,"msg":"connecting to mongodb","time":"2018-11-26T17:29:46.414Z","v":0}
{"name":"letUsKnow","hostname":"avis-MBP","pid":56739,"level":30,"msg":"listing to port 3000","time":"2018-11-26T17:30:54.489Z","v":0}
{"name":"letUsKnow","hostname":"avis-MBP","pid":56739,"level":30,"msg":"connecting to mongodb","time":"2018-11-26T17:30:54.511Z","v":0}
{"name":"letUsKnow","hostname":"avis-MBP","pid":56750,"level":30,"msg":"listing to port 3000","time":"2018-11-26T17:31:23.904Z","v":0}
{"name":"letUsKnow","hostname":"avis-MBP","pid":56750,"level":30,"msg":"connecting to mongodb","time":"2018-11-26T17:31:23.923Z","v":0}
{"name":"letUsKnow","hostname":"avis-MBP","pid":56774,"level":30,"msg":"listing to port 3000","time":"2018-11-26T17:40:37.789Z","v":0}
{"name":"letUsKnow","hostname":"avis-MBP","pid":56774,"level":30,"msg":"connecting to mongodb","time":"2018-11-26T17:40:37.810Z","v":0}
{"name":"letUsKnow","hostname":"avis-MBP","pid":56798,"level":30,"msg":"listing to port 3000","time":"2018-11-26T17:52:28.124Z","v":0}
{"name":"letUsKnow","hostname":"avis-MBP","pid":56798,"level":30,"msg":"connecting to mongodb","time":"2018-11-26T17:52:28.143Z","v":0}
{"name":"letUsKnow","hostname":"avis-MBP","pid":56812,"level":30,"msg":"listing to port 3000","time":"2018-11-26T17:53:51.491Z","v":0}
{"name":"letUsKnow","hostname":"avis-MBP","pid":56812,"level":30,"msg":"connecting to mongodb","time":"2018-11-26T17:53:51.516Z","v":0}
{"name":"letUsKnow","hostname":"avis-MBP","pid":56827,"level":30,"msg":"listing to port 3000","time":"2018-11-26T17:56:45.216Z","v":0}
{"name":"letUsKnow","hostname":"avis-MBP","pid":56827,"level":30,"msg":"connecting to mongodb","time":"2018-11-26T17:56:45.233Z","v":0}
{"name":"letUsKnow","hostname":"avis-MBP","pid":56843,"level":30,"msg":"listing to port 3000","time":"2018-11-26T17:59:40.116Z","v":0}
{"name":"letUsKnow","hostname":"avis-MBP","pid":56843,"level":30,"msg":"connecting to mongodb","time":"2018-11-26T17:59:40.136Z","v":0}
{"name":"letUsKnow","hostname":"avis-MBP","pid":56898,"level":30,"msg":"listing to port 3000","time":"2018-11-26T18:08:44.997Z","v":0}
{"name":"letUsKnow","hostname":"avis-MBP","pid":56898,"level":30,"msg":"connecting to mongodb","time":"2018-11-26T18:08:45.018Z","v":0}
{"name":"letUsKnow","hostname":"avis-MBP","pid":56911,"level":30,"msg":"listing to port 3000","time":"2018-11-26T18:11:49.282Z","v":0}
{"name":"letUsKnow","hostname":"avis-MBP","pid":56911,"level":30,"msg":"connecting to mongodb","time":"2018-11-26T18:11:49.300Z","v":0}
{"name":"letUsKnow","hostname":"avis-MBP","pid":56925,"level":30,"msg":"listing to port 3000","time":"2018-11-26T18:13:31.564Z","v":0}
{"name":"letUsKnow","hostname":"avis-MBP","pid":56925,"level":30,"msg":"connecting to mongodb","time":"2018-11-26T18:13:31.581Z","v":0}
{"name":"letUsKnow","hostname":"avis-MBP","pid":56936,"level":30,"msg":"listing to port 3000","time":"2018-11-26T18:15:36.338Z","v":0}
{"name":"letUsKnow","hostname":"avis-MBP","pid":56936,"level":30,"msg":"connecting to mongodb","time":"2018-11-26T18:15:36.360Z","v":0}
{"name":"letUsKnow","hostname":"avis-MBP","pid":56948,"level":30,"msg":"listing to port 3000","time":"2018-11-26T18:16:42.033Z","v":0}
{"name":"letUsKnow","hostname":"avis-MBP","pid":56948,"level":30,"msg":"connecting to mongodb","time":"2018-11-26T18:16:42.050Z","v":0}
{"name":"letUsKnow","hostname":"avis-MBP","pid":56960,"level":30,"msg":"listing to port 3000","time":"2018-11-26T18:18:14.371Z","v":0}
{"name":"letUsKnow","hostname":"avis-MBP","pid":56960,"level":30,"msg":"connecting to mongodb","time":"2018-11-26T18:18:14.390Z","v":0}
{"name":"letUsKnow","hostname":"avis-MBP","pid":56975,"level":30,"msg":"listing to port 3000","time":"2018-11-26T18:18:58.426Z","v":0}
{"name":"letUsKnow","hostname":"avis-MBP","pid":56975,"level":30,"msg":"connecting to mongodb","time":"2018-11-26T18:18:58.443Z","v":0}
{"name":"letUsKnow","hostname":"avis-MBP","pid":56988,"level":30,"msg":"listing to port 3000","time":"2018-11-26T18:20:16.511Z","v":0}
{"name":"letUsKnow","hostname":"avis-MBP","pid":56988,"level":30,"msg":"connecting to mongodb","time":"2018-11-26T18:20:16.529Z","v":0}
{"name":"letUsKnow","hostname":"avis-MBP","pid":57011,"level":30,"msg":"listing to port 3000","time":"2018-11-26T18:26:26.694Z","v":0}
{"name":"letUsKnow","hostname":"avis-MBP","pid":57011,"level":30,"msg":"connecting to mongodb","time":"2018-11-26T18:26:26.712Z","v":0}
{"name":"letUsKnow","hostname":"avis-MBP","pid":57121,"level":30,"msg":"listing to port 3000","time":"2018-11-26T18:48:29.655Z","v":0}
{"name":"letUsKnow","hostname":"avis-MBP","pid":57121,"level":30,"msg":"connecting to mongodb","time":"2018-11-26T18:48:29.684Z","v":0}
{"name":"letUsKnow","hostname":"avis-MBP","pid":57132,"level":30,"msg":"listing to port 3000","time":"2018-11-26T18:49:02.222Z","v":0}
{"name":"letUsKnow","hostname":"avis-MBP","pid":57132,"level":30,"msg":"connecting to mongodb","time":"2018-11-26T18:49:02.244Z","v":0}
{"name":"letUsKnow","hostname":"avis-MBP","pid":59624,"level":30,"msg":"listing to port 3000","time":"2018-11-27T10:44:33.455Z","v":0}
{"name":"letUsKnow","hostname":"avis-MBP","pid":59624,"level":30,"msg":"connecting to mongodb","time":"2018-11-27T10:44:33.476Z","v":0}
{"name":"letUsKnow","hostname":"avis-MBP","pid":59651,"level":30,"msg":"listing to port 3000","time":"2018-11-27T10:48:22.781Z","v":0}
{"name":"letUsKnow","hostname":"avis-MBP","pid":59651,"level":30,"msg":"connecting to mongodb","time":"2018-11-27T10:48:22.798Z","v":0}
{"name":"letUsKnow","hostname":"avis-MBP","pid":59684,"level":30,"msg":"listing to port 3000","time":"2018-11-27T10:49:10.845Z","v":0}
{"name":"letUsKnow","hostname":"avis-MBP","pid":59684,"level":30,"msg":"connecting to mongodb","time":"2018-11-27T10:49:10.871Z","v":0}
{"name":"letUsKnow","hostname":"avis-MBP","pid":59708,"level":30,"msg":"listing to port 3000","time":"2018-11-27T10:49:42.271Z","v":0}
{"name":"letUsKnow","hostname":"avis-MBP","pid":59708,"level":30,"msg":"connecting to mongodb","time":"2018-11-27T10:49:42.288Z","v":0}
{"name":"letUsKnow","hostname":"avis-MBP","pid":59744,"level":30,"msg":"listing to port 3000","time":"2018-11-27T10:55:49.735Z","v":0}
{"name":"letUsKnow","hostname":"avis-MBP","pid":59744,"level":30,"msg":"connecting to mongodb","time":"2018-11-27T10:55:49.753Z","v":0}
{"name":"letUsKnow","hostname":"avis-MBP","pid":59759,"level":30,"msg":"listing to port 3000","time":"2018-11-27T10:58:05.880Z","v":0}
{"name":"letUsKnow","hostname":"avis-MBP","pid":59759,"level":30,"msg":"connecting to mongodb","time":"2018-11-27T10:58:05.912Z","v":0}
{"name":"letUsKnow","hostname":"avis-MBP","pid":59893,"level":30,"msg":"listing to port 3000","time":"2018-11-27T11:12:10.697Z","v":0}
{"name":"letUsKnow","hostname":"avis-MBP","pid":59893,"level":30,"msg":"connecting to mongodb","time":"2018-11-27T11:12:10.718Z","v":0}
{"name":"letUsKnow","hostname":"avis-MBP","pid":59973,"level":30,"msg":"listing to port 3000","time":"2018-11-27T11:35:20.159Z","v":0}
{"name":"letUsKnow","hostname":"avis-MBP","pid":59973,"level":30,"msg":"connecting to mongodb","time":"2018-11-27T11:35:20.177Z","v":0}
{"name":"letUsKnow","hostname":"avis-MBP","pid":59984,"level":30,"msg":"listing to port 3000","time":"2018-11-27T11:35:49.986Z","v":0}
{"name":"letUsKnow","hostname":"avis-MBP","pid":59984,"level":30,"msg":"connecting to mongodb","time":"2018-11-27T11:35:50.009Z","v":0}
{"name":"letUsKnow","hostname":"avis-MBP","pid":60018,"level":30,"msg":"listing to port 3000","time":"2018-11-27T11:47:25.854Z","v":0}
{"name":"letUsKnow","hostname":"avis-MBP","pid":60018,"level":30,"msg":"connecting to mongodb","time":"2018-11-27T11:47:25.872Z","v":0}
{"name":"letUsKnow","hostname":"avis-MBP","pid":60274,"level":30,"msg":"listing to port 3000","time":"2018-11-27T13:33:12.075Z","v":0}
{"name":"letUsKnow","hostname":"avis-MBP","pid":60274,"level":30,"msg":"connecting to mongodb","time":"2018-11-27T13:33:12.101Z","v":0}
{"name":"letUsKnow","hostname":"avis-MBP","pid":60497,"level":30,"msg":"listing to port 3000","time":"2018-11-27T18:10:08.945Z","v":0}
{"name":"letUsKnow","hostname":"avis-MBP","pid":60497,"level":30,"msg":"connecting to mongodb","time":"2018-11-27T18:10:08.971Z","v":0}
{"name":"letUsKnow","hostname":"avis-MBP","pid":60612,"level":30,"msg":"listing to port 3000","time":"2018-11-27T18:46:42.545Z","v":0}
{"name":"letUsKnow","hostname":"avis-MBP","pid":60612,"level":30,"msg":"connecting to mongodb","time":"2018-11-27T18:46:42.564Z","v":0}
{"name":"letUsKnow","hostname":"avis-MBP","pid":60631,"level":30,"msg":"listing to port 3000","time":"2018-11-27T18:51:02.775Z","v":0}
{"name":"letUsKnow","hostname":"avis-MBP","pid":60631,"level":30,"msg":"connecting to mongodb","time":"2018-11-27T18:51:02.794Z","v":0}
{"name":"letUsKnow","hostname":"avis-MBP","pid":60659,"level":30,"msg":"listing to port 3000","time":"2018-11-27T18:58:10.856Z","v":0}
{"name":"letUsKnow","hostname":"avis-MBP","pid":60659,"level":30,"msg":"connecting to mongodb","time":"2018-11-27T18:58:10.877Z","v":0}
{"name":"letUsKnow","hostname":"avis-MBP","pid":60683,"level":30,"msg":"listing to port 3000","time":"2018-11-27T19:01:16.685Z","v":0}
{"name":"letUsKnow","hostname":"avis-MBP","pid":60683,"level":30,"msg":"connecting to mongodb","time":"2018-11-27T19:01:16.702Z","v":0}
{"name":"letUsKnow","hostname":"avis-MBP","pid":60694,"level":30,"msg":"listing to port 3000","time":"2018-11-27T19:01:59.687Z","v":0}
{"name":"letUsKnow","hostname":"avis-MBP","pid":60694,"level":30,"msg":"connecting to mongodb","time":"2018-11-27T19:01:59.707Z","v":0}
{"name":"letUsKnow","hostname":"avis-MBP","pid":60706,"level":30,"msg":"listing to port 3000","time":"2018-11-27T19:05:53.238Z","v":0}
{"name":"letUsKnow","hostname":"avis-MBP","pid":60706,"level":30,"msg":"connecting to mongodb","time":"2018-11-27T19:05:53.258Z","v":0}
{"name":"letUsKnow","hostname":"avis-MBP","pid":60727,"level":30,"msg":"listing to port 3000","time":"2018-11-27T19:08:28.527Z","v":0}
{"name":"letUsKnow","hostname":"avis-MBP","pid":60727,"level":30,"msg":"connecting to mongodb","time":"2018-11-27T19:08:28.554Z","v":0}
{"name":"letUsKnow","hostname":"avis-MBP","pid":60738,"level":30,"msg":"listing to port 3000","time":"2018-11-27T19:08:57.007Z","v":0}
{"name":"letUsKnow","hostname":"avis-MBP","pid":60738,"level":30,"msg":"connecting to mongodb","time":"2018-11-27T19:08:57.024Z","v":0}
{"name":"letUsKnow","hostname":"avis-MBP","pid":60753,"level":30,"msg":"listing to port 3000","time":"2018-11-27T19:13:16.064Z","v":0}
{"name":"letUsKnow","hostname":"avis-MBP","pid":60753,"level":30,"msg":"connecting to mongodb","time":"2018-11-27T19:13:16.083Z","v":0}
{"name":"letUsKnow","hostname":"avis-MBP","pid":60764,"level":30,"msg":"listing to port 3000","time":"2018-11-27T19:14:36.356Z","v":0}
{"name":"letUsKnow","hostname":"avis-MBP","pid":60764,"level":30,"msg":"connecting to mongodb","time":"2018-11-27T19:14:36.377Z","v":0}
{"name":"letUsKnow","hostname":"avis-MBP","pid":60826,"level":30,"msg":"listing to port 3000","time":"2018-11-27T19:30:32.068Z","v":0}
{"name":"letUsKnow","hostname":"avis-MBP","pid":60826,"level":30,"msg":"connecting to mongodb","time":"2018-11-27T19:30:32.088Z","v":0}
{"name":"letUsKnow","hostname":"avis-MBP","pid":60849,"level":30,"msg":"listing to port 3000","time":"2018-11-27T19:31:42.554Z","v":0}
{"name":"letUsKnow","hostname":"avis-MBP","pid":60849,"level":30,"msg":"connecting to mongodb","time":"2018-11-27T19:31:42.571Z","v":0}
{"name":"letUsKnow","hostname":"avis-MBP","pid":60864,"level":30,"msg":"listing to port 3000","time":"2018-11-27T19:32:07.772Z","v":0}
{"name":"letUsKnow","hostname":"avis-MBP","pid":60864,"level":30,"msg":"connecting to mongodb","time":"2018-11-27T19:32:07.796Z","v":0}
{"name":"letUsKnow","hostname":"avis-MBP","pid":60888,"level":30,"msg":"listing to port 3000","time":"2018-11-27T19:41:59.405Z","v":0}
{"name":"letUsKnow","hostname":"avis-MBP","pid":60888,"level":30,"msg":"connecting to mongodb","time":"2018-11-27T19:41:59.422Z","v":0}
{"name":"letUsKnow","hostname":"avis-MBP","pid":60900,"level":30,"msg":"listing to port 3000","time":"2018-11-27T19:42:20.424Z","v":0}
{"name":"letUsKnow","hostname":"avis-MBP","pid":60900,"level":30,"msg":"connecting to mongodb","time":"2018-11-27T19:42:20.441Z","v":0}
{"name":"letUsKnow","hostname":"avis-MBP","pid":60935,"level":30,"msg":"listing to port 3000","time":"2018-11-27T19:45:35.474Z","v":0}
{"name":"letUsKnow","hostname":"avis-MBP","pid":60935,"level":30,"msg":"connecting to mongodb","time":"2018-11-27T19:45:35.511Z","v":0}
{"name":"letUsKnow","hostname":"avis-MBP","pid":60946,"level":30,"msg":"listing to port 3000","time":"2018-11-27T19:46:02.670Z","v":0}
{"name":"letUsKnow","hostname":"avis-MBP","pid":60946,"level":30,"msg":"connecting to mongodb","time":"2018-11-27T19:46:02.689Z","v":0}
{"name":"letUsKnow","hostname":"avis-MBP","pid":60957,"level":30,"msg":"listing to port 3000","time":"2018-11-27T19:46:36.156Z","v":0}
{"name":"letUsKnow","hostname":"avis-MBP","pid":60957,"level":30,"msg":"connecting to mongodb","time":"2018-11-27T19:46:36.173Z","v":0}
{"name":"letUsKnow","hostname":"avis-MBP","pid":60990,"level":30,"msg":"listing to port 3000","time":"2018-11-27T19:54:32.810Z","v":0}
{"name":"letUsKnow","hostname":"avis-MBP","pid":60990,"level":30,"msg":"connecting to mongodb","time":"2018-11-27T19:54:32.828Z","v":0}
{"name":"letUsKnow","hostname":"avis-MBP","pid":61001,"level":30,"msg":"listing to port 3000","time":"2018-11-27T19:55:19.575Z","v":0}
{"name":"letUsKnow","hostname":"avis-MBP","pid":61001,"level":30,"msg":"connecting to mongodb","time":"2018-11-27T19:55:19.592Z","v":0}
{"name":"letUsKnow","hostname":"avis-MBP","pid":61014,"level":30,"msg":"listing to port 3000","time":"2018-11-27T19:55:48.732Z","v":0}
{"name":"letUsKnow","hostname":"avis-MBP","pid":61014,"level":30,"msg":"connecting to mongodb","time":"2018-11-27T19:55:48.752Z","v":0}
{"name":"letUsKnow","hostname":"avis-MBP","pid":61028,"level":30,"msg":"listing to port 3000","time":"2018-11-27T19:56:56.907Z","v":0}
{"name":"letUsKnow","hostname":"avis-MBP","pid":61028,"level":30,"msg":"connecting to mongodb","time":"2018-11-27T19:56:56.925Z","v":0}
{"name":"letUsKnow","hostname":"avis-MBP","pid":61146,"level":30,"msg":"listing to port 3000","time":"2018-11-27T20:13:18.242Z","v":0}
{"name":"letUsKnow","hostname":"avis-MBP","pid":61146,"level":30,"msg":"connecting to mongodb","time":"2018-11-27T20:13:18.280Z","v":0}
{"name":"letUsKnow","hostname":"avis-MBP","pid":61187,"level":30,"msg":"listing to port 3000","time":"2018-11-27T20:18:10.427Z","v":0}
{"name":"letUsKnow","hostname":"avis-MBP","pid":61187,"level":30,"msg":"connecting to mongodb","time":"2018-11-27T20:18:10.445Z","v":0}
{"name":"letUsKnow","hostname":"avis-MBP","pid":61209,"level":30,"msg":"listing to port 3000","time":"2018-11-27T20:18:53.314Z","v":0}
{"name":"letUsKnow","hostname":"avis-MBP","pid":61209,"level":30,"msg":"connecting to mongodb","time":"2018-11-27T20:18:53.334Z","v":0}
{"name":"letUsKnow","hostname":"avis-MBP","pid":61222,"level":30,"msg":"listing to port 3000","time":"2018-11-27T20:19:17.984Z","v":0}
{"name":"letUsKnow","hostname":"avis-MBP","pid":61222,"level":30,"msg":"connecting to mongodb","time":"2018-11-27T20:19:18.003Z","v":0}
{"name":"letUsKnow","hostname":"avis-MBP","pid":61233,"level":30,"msg":"listing to port 3000","time":"2018-11-27T20:20:02.338Z","v":0}
{"name":"letUsKnow","hostname":"avis-MBP","pid":61233,"level":30,"msg":"connecting to mongodb","time":"2018-11-27T20:20:02.355Z","v":0}
{"name":"letUsKnow","hostname":"avis-MBP","pid":61244,"level":30,"msg":"listing to port 3000","time":"2018-11-27T20:20:32.315Z","v":0}
{"name":"letUsKnow","hostname":"avis-MBP","pid":61244,"level":30,"msg":"connecting to mongodb","time":"2018-11-27T20:20:32.332Z","v":0}
{"name":"letUsKnow","hostname":"avis-MBP","pid":61255,"level":30,"msg":"listing to port 3000","time":"2018-11-27T20:21:20.533Z","v":0}
{"name":"letUsKnow","hostname":"avis-MBP","pid":61255,"level":30,"msg":"connecting to mongodb","time":"2018-11-27T20:21:20.551Z","v":0}
{"name":"letUsKnow","hostname":"avis-MBP","pid":61291,"level":30,"msg":"listing to port 3000","time":"2018-11-27T20:22:55.008Z","v":0}
{"name":"letUsKnow","hostname":"avis-MBP","pid":61291,"level":30,"msg":"connecting to mongodb","time":"2018-11-27T20:22:55.025Z","v":0}
{"name":"letUsKnow","hostname":"avis-MacBook-Pro.local","pid":63443,"level":30,"msg":"listing to port 3000","time":"2018-11-28T12:27:37.598Z","v":0}
{"name":"letUsKnow","hostname":"avis-MacBook-Pro.local","pid":63443,"level":30,"msg":"connecting to mongodb","time":"2018-11-28T12:27:37.619Z","v":0}
{"name":"letUsKnow","hostname":"avis-MacBook-Pro.local","pid":63793,"level":30,"msg":"listing to port 3000","time":"2018-11-28T13:22:18.849Z","v":0}
{"name":"letUsKnow","hostname":"avis-MacBook-Pro.local","pid":63793,"level":30,"msg":"connecting to mongodb","time":"2018-11-28T13:22:18.871Z","v":0}
{"name":"letUsKnow","hostname":"avis-MacBook-Pro.local","pid":65060,"level":30,"msg":"listing to port 3000","time":"2018-11-28T15:58:06.413Z","v":0}
{"name":"letUsKnow","hostname":"avis-MacBook-Pro.local","pid":65060,"level":30,"msg":"connecting to mongodb","time":"2018-11-28T15:58:06.442Z","v":0}
{"name":"letUsKnow","hostname":"avis-MacBook-Pro.local","pid":65072,"level":30,"msg":"listing to port 3000","time":"2018-11-28T15:59:02.204Z","v":0}
{"name":"letUsKnow","hostname":"avis-MacBook-Pro.local","pid":65072,"level":30,"msg":"connecting to mongodb","time":"2018-11-28T15:59:02.222Z","v":0}
{"name":"letUsKnow","hostname":"avis-MBP","pid":65278,"level":30,"msg":"listing to port 3000","time":"2018-11-28T16:22:12.352Z","v":0}
{"name":"letUsKnow","hostname":"avis-MBP","pid":65278,"level":30,"msg":"connecting to mongodb","time":"2018-11-28T16:22:12.391Z","v":0}
{"name":"letUsKnow","hostname":"avis-MBP","pid":65334,"level":30,"msg":"listing to port 3000","time":"2018-11-28T16:23:31.095Z","v":0}
{"name":"letUsKnow","hostname":"avis-MBP","pid":65334,"level":30,"msg":"connecting to mongodb","time":"2018-11-28T16:23:31.126Z","v":0}
{"name":"letUsKnow","hostname":"avis-MBP","pid":65357,"level":30,"msg":"listing to port 3000","time":"2018-11-28T16:24:39.125Z","v":0}
{"name":"letUsKnow","hostname":"avis-MBP","pid":65357,"level":30,"msg":"connecting to mongodb","time":"2018-11-28T16:24:39.147Z","v":0}
{"name":"letUsKnow","hostname":"avis-MBP","pid":65375,"level":30,"msg":"listing to port 3000","time":"2018-11-28T16:27:07.532Z","v":0}
{"name":"letUsKnow","hostname":"avis-MBP","pid":65375,"level":30,"msg":"connecting to mongodb","time":"2018-11-28T16:27:07.556Z","v":0}
{"name":"letUsKnow","hostname":"avis-MBP","pid":65403,"level":30,"msg":"listing to port 3000","time":"2018-11-28T16:28:46.584Z","v":0}
{"name":"letUsKnow","hostname":"avis-MBP","pid":65403,"level":30,"msg":"connecting to mongodb","time":"2018-11-28T16:28:46.601Z","v":0}
{"name":"letUsKnow","hostname":"avis-MBP","pid":65734,"level":30,"msg":"listing to port 3000","time":"2018-11-28T16:42:24.012Z","v":0}
{"name":"letUsKnow","hostname":"avis-MBP","pid":65734,"level":30,"msg":"connecting to mongodb","time":"2018-11-28T16:42:24.036Z","v":0}
{"name":"letUsKnow","hostname":"avis-MacBook-Pro.local","pid":69085,"level":30,"msg":"listing to port 3000","time":"2018-11-29T08:34:54.785Z","v":0}
{"name":"letUsKnow","hostname":"avis-MacBook-Pro.local","pid":69085,"level":30,"msg":"connecting to mongodb","time":"2018-11-29T08:34:54.922Z","v":0}
{"name":"letUsKnow","hostname":"avis-MacBook-Pro.local","pid":70040,"level":30,"msg":"listing to port 3000","time":"2018-11-29T15:21:05.728Z","v":0}
{"name":"letUsKnow","hostname":"avis-MacBook-Pro.local","pid":70040,"level":30,"msg":"connecting to mongodb","time":"2018-11-29T15:21:05.750Z","v":0}
{"name":"letUsKnow","hostname":"avis-MacBook-Pro.local","pid":70077,"level":30,"msg":"listing to port 3000","time":"2018-11-29T15:23:32.670Z","v":0}
{"name":"letUsKnow","hostname":"avis-MacBook-Pro.local","pid":70077,"level":30,"msg":"connecting to mongodb","time":"2018-11-29T15:23:32.689Z","v":0}
{"name":"letUsKnow","hostname":"avis-MacBook-Pro.local","pid":70088,"level":30,"msg":"listing to port 3000","time":"2018-11-29T15:23:59.955Z","v":0}
{"name":"letUsKnow","hostname":"avis-MacBook-Pro.local","pid":70088,"level":30,"msg":"connecting to mongodb","time":"2018-11-29T15:23:59.973Z","v":0}
{"name":"letUsKnow","hostname":"avis-MacBook-Pro.local","pid":70113,"level":30,"msg":"listing to port 3000","time":"2018-11-29T15:28:21.191Z","v":0}
{"name":"letUsKnow","hostname":"avis-MacBook-Pro.local","pid":70113,"level":30,"msg":"connecting to mongodb","time":"2018-11-29T15:28:21.230Z","v":0}
{"name":"letUsKnow","hostname":"avis-MacBook-Pro.local","pid":70205,"level":30,"msg":"listing to port 3000","time":"2018-11-29T15:49:57.492Z","v":0}
{"name":"letUsKnow","hostname":"avis-MacBook-Pro.local","pid":70205,"level":30,"msg":"connecting to mongodb","time":"2018-11-29T15:49:57.517Z","v":0}
{"name":"letUsKnow","hostname":"avis-MacBook-Pro.local","pid":70219,"level":30,"msg":"listing to port 3000","time":"2018-11-29T15:50:51.009Z","v":0}
{"name":"letUsKnow","hostname":"avis-MacBook-Pro.local","pid":70219,"level":30,"msg":"connecting to mongodb","time":"2018-11-29T15:50:51.027Z","v":0}
{"name":"letUsKnow","hostname":"avis-MBP","pid":70328,"level":30,"msg":"listing to port 3000","time":"2018-11-29T16:04:40.218Z","v":0}
{"name":"letUsKnow","hostname":"avis-MBP","pid":70328,"level":30,"msg":"connecting to mongodb","time":"2018-11-29T16:04:40.242Z","v":0}
{"name":"letUsKnow","hostname":"avis-MBP","pid":71559,"level":30,"msg":"listing to port 3000","time":"2018-11-29T20:08:05.894Z","v":0}
{"name":"letUsKnow","hostname":"avis-MBP","pid":71559,"level":30,"msg":"connecting to mongodb","time":"2018-11-29T20:08:05.917Z","v":0}
{"name":"letUsKnow","hostname":"avis-MBP","pid":71569,"level":30,"msg":"listing to port 3000","time":"2018-11-29T20:08:08.782Z","v":0}
{"name":"letUsKnow","hostname":"avis-MBP","pid":71569,"level":30,"msg":"connecting to mongodb","time":"2018-11-29T20:08:08.799Z","v":0}
{"name":"letUsKnow","hostname":"avis-MBP","pid":72223,"level":30,"msg":"listing to port 3000","time":"2018-11-29T22:08:13.927Z","v":0}
{"name":"letUsKnow","hostname":"avis-MBP","pid":72223,"level":30,"msg":"connecting to mongodb","time":"2018-11-29T22:08:13.949Z","v":0}
{"name":"letUsKnow","hostname":"avis-MBP","pid":72665,"level":30,"msg":"listing to port 3000","time":"2018-11-29T23:05:23.631Z","v":0}
{"name":"letUsKnow","hostname":"avis-MBP","pid":72665,"level":30,"msg":"connecting to mongodb","time":"2018-11-29T23:05:23.667Z","v":0}
{"name":"letUsKnow","hostname":"avis-MBP","pid":72665,"level":30,"msg":"connecting to mongodb","time":"2018-11-29T23:05:23.670Z","v":0}
{"name":"letUsKnow","hostname":"avis-MBP","pid":72704,"level":30,"msg":"listing to port 3000","time":"2018-11-29T23:08:55.333Z","v":0}
{"name":"letUsKnow","hostname":"avis-MBP","pid":72704,"level":30,"msg":"connecting to mongodb","time":"2018-11-29T23:08:55.357Z","v":0}
{"name":"letUsKnow","hostname":"avis-MBP","pid":72704,"level":30,"msg":"connecting to mongodb","time":"2018-11-29T23:08:55.364Z","v":0}
{"name":"letUsKnow","hostname":"avis-MBP","pid":72722,"level":30,"msg":"listing to port 3000","time":"2018-11-29T23:09:42.496Z","v":0}
{"name":"letUsKnow","hostname":"avis-MBP","pid":72722,"level":30,"msg":"connecting to mongodb","time":"2018-11-29T23:09:42.515Z","v":0}
{"name":"letUsKnow","hostname":"avis-MBP","pid":72722,"level":30,"msg":"connecting to mongodb","time":"2018-11-29T23:09:42.523Z","v":0}
{"name":"letUsKnow","hostname":"avis-MBP","pid":72735,"level":30,"msg":"listing to port 3000","time":"2018-11-29T23:12:13.433Z","v":0}
{"name":"letUsKnow","hostname":"avis-MBP","pid":72735,"level":30,"msg":"connecting to mongodb","time":"2018-11-29T23:12:13.451Z","v":0}
{"name":"letUsKnow","hostname":"avis-MBP","pid":72735,"level":30,"msg":"connecting to mongodb","time":"2018-11-29T23:12:13.457Z","v":0}
{"name":"letUsKnow","hostname":"avis-MBP","pid":73439,"level":30,"msg":"listing to port 3000","time":"2018-11-29T23:25:55.988Z","v":0}
{"name":"letUsKnow","hostname":"avis-MBP","pid":73439,"level":30,"msg":"connecting to mongodb","time":"2018-11-29T23:25:56.006Z","v":0}
{"name":"letUsKnow","hostname":"avis-MBP","pid":73439,"level":30,"msg":"connecting to mongodb","time":"2018-11-29T23:25:56.014Z","v":0}
{"name":"letUsKnow","hostname":"avis-MBP","pid":73450,"level":30,"msg":"listing to port 3000","time":"2018-11-29T23:27:22.769Z","v":0}
{"name":"letUsKnow","hostname":"avis-MBP","pid":73450,"level":30,"msg":"connecting to mongodb","time":"2018-11-29T23:27:22.788Z","v":0}
{"name":"letUsKnow","hostname":"avis-MBP","pid":73450,"level":30,"msg":"connecting to mongodb","time":"2018-11-29T23:27:22.794Z","v":0}
{"name":"letUsKnow","hostname":"avis-MBP","pid":73461,"level":30,"msg":"listing to port 3000","time":"2018-11-29T23:27:43.664Z","v":0}
{"name":"letUsKnow","hostname":"avis-MBP","pid":73461,"level":30,"msg":"connecting to mongodb","time":"2018-11-29T23:27:43.683Z","v":0}
{"name":"letUsKnow","hostname":"avis-MBP","pid":73461,"level":30,"msg":"connecting to mongodb","time":"2018-11-29T23:27:43.690Z","v":0}
{"name":"letUsKnow","hostname":"avis-MBP","pid":73505,"level":30,"msg":"listing to port 3000","time":"2018-11-29T23:29:31.472Z","v":0}
{"name":"letUsKnow","hostname":"avis-MBP","pid":73505,"level":30,"msg":"connecting to mongodb","time":"2018-11-29T23:29:31.509Z","v":0}
{"name":"letUsKnow","hostname":"avis-MBP","pid":73505,"level":30,"msg":"connecting to mongodb","time":"2018-11-29T23:29:31.517Z","v":0}
{"name":"letUsKnow","hostname":"avis-MBP","pid":73829,"level":30,"msg":"listing to port 3000","time":"2018-11-30T11:01:56.628Z","v":0}
{"name":"letUsKnow","hostname":"avis-MBP","pid":73829,"level":30,"msg":"connecting to mongodb","time":"2018-11-30T11:01:56.653Z","v":0}
{"name":"letUsKnow","hostname":"avis-MBP","pid":73829,"level":30,"msg":"connecting to mongodb","time":"2018-11-30T11:01:56.654Z","v":0}
{"name":"letUsKnow","hostname":"avis-MBP","pid":73864,"level":30,"msg":"listing to port 3000","time":"2018-11-30T11:10:46.426Z","v":0}
{"name":"letUsKnow","hostname":"avis-MBP","pid":73864,"level":30,"msg":"connecting to mongodb","time":"2018-11-30T11:10:46.444Z","v":0}
{"name":"letUsKnow","hostname":"avis-MBP","pid":73864,"level":30,"msg":"connecting to mongodb","time":"2018-11-30T11:10:46.450Z","v":0}
{"name":"letUsKnow","hostname":"avis-MBP","pid":73940,"level":30,"msg":"listing to port 3000","time":"2018-11-30T11:12:08.279Z","v":0}
{"name":"letUsKnow","hostname":"avis-MBP","pid":73940,"level":30,"msg":"connecting to mongodb","time":"2018-11-30T11:12:08.301Z","v":0}
{"name":"letUsKnow","hostname":"avis-MBP","pid":73940,"level":30,"msg":"connecting to mongodb","time":"2018-11-30T11:12:08.307Z","v":0}
{"name":"letUsKnow","hostname":"avis-MBP","pid":73951,"level":30,"msg":"listing to port 3000","time":"2018-11-30T11:12:31.169Z","v":0}
{"name":"letUsKnow","hostname":"avis-MBP","pid":73951,"level":30,"msg":"connecting to mongodb","time":"2018-11-30T11:12:31.187Z","v":0}
{"name":"letUsKnow","hostname":"avis-MBP","pid":73951,"level":30,"msg":"connecting to mongodb","time":"2018-11-30T11:12:31.194Z","v":0}
{"name":"letUsKnow","hostname":"avis-MBP","pid":73964,"level":30,"msg":"listing to port 3000","time":"2018-11-30T11:14:41.528Z","v":0}
{"name":"letUsKnow","hostname":"avis-MBP","pid":73964,"level":30,"msg":"connecting to mongodb","time":"2018-11-30T11:14:41.547Z","v":0}
{"name":"letUsKnow","hostname":"avis-MBP","pid":73964,"level":30,"msg":"connecting to mongodb","time":"2018-11-30T11:14:41.555Z","v":0}
{"name":"letUsKnow","hostname":"avis-MBP","pid":73980,"level":30,"msg":"listing to port 3000","time":"2018-11-30T11:15:11.462Z","v":0}
{"name":"letUsKnow","hostname":"avis-MBP","pid":73980,"level":30,"msg":"connecting to mongodb","time":"2018-11-30T11:15:11.488Z","v":0}
{"name":"letUsKnow","hostname":"avis-MBP","pid":73980,"level":30,"msg":"connecting to mongodb","time":"2018-11-30T11:15:11.496Z","v":0}
{"name":"letUsKnow","hostname":"avis-MBP","pid":74060,"level":30,"msg":"listing to port 3000","time":"2018-11-30T11:15:55.377Z","v":0}
{"name":"letUsKnow","hostname":"avis-MBP","pid":74060,"level":30,"msg":"connecting to mongodb","time":"2018-11-30T11:15:55.402Z","v":0}
{"name":"letUsKnow","hostname":"avis-MBP","pid":74060,"level":30,"msg":"connecting to mongodb","time":"2018-11-30T11:15:55.412Z","v":0}
{"name":"letUsKnow","hostname":"avis-MBP","pid":74090,"level":30,"msg":"listing to port 3000","time":"2018-11-30T11:17:39.312Z","v":0}
{"name":"letUsKnow","hostname":"avis-MBP","pid":74090,"level":30,"msg":"connecting to mongodb","time":"2018-11-30T11:17:39.359Z","v":0}
{"name":"letUsKnow","hostname":"avis-MBP","pid":74090,"level":30,"msg":"connecting to mongodb","time":"2018-11-30T11:17:39.371Z","v":0}
{"name":"letUsKnow","hostname":"avis-MBP","pid":74548,"level":30,"msg":"listing to port 3000","time":"2018-11-30T12:17:35.352Z","v":0}
{"name":"letUsKnow","hostname":"avis-MBP","pid":74548,"level":30,"msg":"connecting to mongodb","time":"2018-11-30T12:17:35.392Z","v":0}
{"name":"letUsKnow","hostname":"avis-MBP","pid":74548,"level":30,"msg":"connecting to mongodb","time":"2018-11-30T12:17:35.393Z","v":0}
{"name":"letUsKnow","hostname":"avis-MBP","pid":1713,"level":30,"msg":"listing to port 3000","time":"2018-12-01T18:06:23.577Z","v":0}
{"name":"letUsKnow","hostname":"avis-MBP","pid":1713,"level":30,"msg":"connecting to mongodb","time":"2018-12-01T18:06:23.639Z","v":0}
{"name":"letUsKnow","hostname":"avis-MBP","pid":1713,"level":30,"msg":"connecting to mongodb","time":"2018-12-01T18:06:23.645Z","v":0}
{"name":"letUsKnow","hostname":"avis-MBP","pid":1754,"level":30,"msg":"listing to port 3000","time":"2018-12-01T18:18:43.385Z","v":0}
{"name":"letUsKnow","hostname":"avis-MBP","pid":1754,"level":30,"msg":"connecting to mongodb","time":"2018-12-01T18:18:43.410Z","v":0}
{"name":"letUsKnow","hostname":"avis-MBP","pid":1754,"level":30,"msg":"connecting to mongodb","time":"2018-12-01T18:18:43.416Z","v":0}
{"name":"letUsKnow","hostname":"avis-MBP","pid":1800,"level":30,"msg":"listing to port 3000","time":"2018-12-01T18:37:13.127Z","v":0}
{"name":"letUsKnow","hostname":"avis-MBP","pid":1800,"level":30,"msg":"connecting to mongodb","time":"2018-12-01T18:37:13.156Z","v":0}
{"name":"letUsKnow","hostname":"avis-MBP","pid":1800,"level":30,"msg":"connecting to mongodb","time":"2018-12-01T18:37:13.163Z","v":0}
{"name":"letUsKnow","hostname":"avis-MBP","pid":1825,"level":30,"msg":"listing to port 3000","time":"2018-12-01T18:46:12.286Z","v":0}
{"name":"letUsKnow","hostname":"avis-MBP","pid":1825,"level":30,"msg":"connecting to mongodb","time":"2018-12-01T18:46:12.312Z","v":0}
{"name":"letUsKnow","hostname":"avis-MBP","pid":1825,"level":30,"msg":"connecting to mongodb","time":"2018-12-01T18:46:12.321Z","v":0}
{"name":"letUsKnow","hostname":"avis-MBP","pid":2103,"level":30,"msg":"listing to port 3000","time":"2018-12-01T19:35:10.220Z","v":0}
{"name":"letUsKnow","hostname":"avis-MBP","pid":2103,"level":30,"msg":"connecting to mongodb","time":"2018-12-01T19:35:10.241Z","v":0}
{"name":"letUsKnow","hostname":"avis-MBP","pid":2103,"level":30,"msg":"connecting to mongodb","time":"2018-12-01T19:35:10.248Z","v":0}
{"name":"letUsKnow","hostname":"avis-MBP","pid":2130,"level":30,"msg":"listing to port 3000","time":"2018-12-01T19:52:36.336Z","v":0}
{"name":"letUsKnow","hostname":"avis-MBP","pid":2130,"level":30,"msg":"connecting to mongodb","time":"2018-12-01T19:52:36.366Z","v":0}
{"name":"letUsKnow","hostname":"avis-MBP","pid":2130,"level":30,"msg":"connecting to mongodb","time":"2018-12-01T19:52:36.375Z","v":0}
{"name":"letUsKnow","hostname":"avis-MacBook-Pro.local","pid":3306,"level":30,"msg":"listing to port 3000","time":"2018-12-02T08:58:22.589Z","v":0}
{"name":"letUsKnow","hostname":"avis-MacBook-Pro.local","pid":3306,"level":30,"msg":"connecting to mongodb","time":"2018-12-02T08:58:22.657Z","v":0}
{"name":"letUsKnow","hostname":"avis-MacBook-Pro.local","pid":3306,"level":30,"msg":"connecting to mongodb","time":"2018-12-02T08:58:22.664Z","v":0}
{"name":"letUsKnow","hostname":"avis-MacBook-Pro.local","pid":3402,"level":30,"msg":"listing to port 3000","time":"2018-12-02T09:37:27.394Z","v":0}
{"name":"letUsKnow","hostname":"avis-MacBook-Pro.local","pid":3402,"level":30,"msg":"connecting to mongodb","time":"2018-12-02T09:37:27.420Z","v":0}
{"name":"letUsKnow","hostname":"avis-MacBook-Pro.local","pid":3402,"level":30,"msg":"connecting to mongodb","time":"2018-12-02T09:37:27.436Z","v":0}
{"name":"letUsKnow","hostname":"avis-MacBook-Pro.local","pid":3693,"level":30,"msg":"listing to port 3000","time":"2018-12-02T10:48:31.558Z","v":0}
{"name":"letUsKnow","hostname":"avis-MacBook-Pro.local","pid":3693,"level":30,"msg":"connecting to mongodb","time":"2018-12-02T10:48:31.581Z","v":0}
{"name":"letUsKnow","hostname":"avis-MacBook-Pro.local","pid":3693,"level":30,"msg":"connecting to mongodb","time":"2018-12-02T10:48:31.587Z","v":0}
{"name":"letUsKnow","hostname":"avis-MacBook-Pro.local","pid":4068,"level":30,"msg":"listing to port 3000","time":"2018-12-02T15:14:46.419Z","v":0}
{"name":"letUsKnow","hostname":"avis-MacBook-Pro.local","pid":4068,"level":30,"msg":"connecting to mongodb","time":"2018-12-02T15:14:46.480Z","v":0}
{"name":"letUsKnow","hostname":"avis-MacBook-Pro.local","pid":4068,"level":30,"msg":"connecting to mongodb","time":"2018-12-02T15:14:46.486Z","v":0}
{"name":"letUsKnow","hostname":"avis-MacBook-Pro.local","pid":4100,"level":30,"msg":"listing to port 3000","time":"2018-12-02T15:17:01.647Z","v":0}
{"name":"letUsKnow","hostname":"avis-MacBook-Pro.local","pid":4100,"level":30,"msg":"connecting to mongodb","time":"2018-12-02T15:17:01.677Z","v":0}
{"name":"letUsKnow","hostname":"avis-MacBook-Pro.local","pid":4100,"level":30,"msg":"connecting to mongodb","time":"2018-12-02T15:17:01.683Z","v":0}
{"name":"letUsKnow","hostname":"avis-MacBook-Pro.local","pid":4111,"level":30,"msg":"listing to port 3000","time":"2018-12-02T15:17:21.617Z","v":0}
{"name":"letUsKnow","hostname":"avis-MacBook-Pro.local","pid":4111,"level":30,"msg":"connecting to mongodb","time":"2018-12-02T15:17:21.648Z","v":0}
{"name":"letUsKnow","hostname":"avis-MacBook-Pro.local","pid":4111,"level":30,"msg":"connecting to mongodb","time":"2018-12-02T15:17:21.654Z","v":0}
{"name":"letUsKnow","hostname":"avis-MacBook-Pro.local","pid":4123,"level":30,"msg":"listing to port 3000","time":"2018-12-02T15:18:10.351Z","v":0}
{"name":"letUsKnow","hostname":"avis-MacBook-Pro.local","pid":4123,"level":30,"msg":"connecting to mongodb","time":"2018-12-02T15:18:10.378Z","v":0}
{"name":"letUsKnow","hostname":"avis-MacBook-Pro.local","pid":4123,"level":30,"msg":"connecting to mongodb","time":"2018-12-02T15:18:10.383Z","v":0}
{"name":"letUsKnow","hostname":"avis-MacBook-Pro.local","pid":4136,"level":30,"msg":"listing to port 3000","time":"2018-12-02T15:21:33.858Z","v":0}
{"name":"letUsKnow","hostname":"avis-MacBook-Pro.local","pid":4136,"level":30,"msg":"connecting to mongodb","time":"2018-12-02T15:21:33.887Z","v":0}
{"name":"letUsKnow","hostname":"avis-MacBook-Pro.local","pid":4136,"level":30,"msg":"connecting to mongodb","time":"2018-12-02T15:21:33.893Z","v":0}
{"name":"letUsKnow","hostname":"avis-MacBook-Pro.local","pid":4147,"level":30,"msg":"listing to port 3000","time":"2018-12-02T15:23:26.533Z","v":0}
{"name":"letUsKnow","hostname":"avis-MacBook-Pro.local","pid":4147,"level":30,"msg":"connecting to mongodb","time":"2018-12-02T15:23:26.558Z","v":0}
{"name":"letUsKnow","hostname":"avis-MacBook-Pro.local","pid":4147,"level":30,"msg":"connecting to mongodb","time":"2018-12-02T15:23:26.567Z","v":0}
{"name":"letUsKnow","hostname":"avis-MacBook-Pro.local","pid":4167,"level":30,"msg":"listing to port 3000","time":"2018-12-02T15:25:07.959Z","v":0}
{"name":"letUsKnow","hostname":"avis-MacBook-Pro.local","pid":4167,"level":30,"msg":"connecting to mongodb","time":"2018-12-02T15:25:07.995Z","v":0}
{"name":"letUsKnow","hostname":"avis-MacBook-Pro.local","pid":4167,"level":30,"msg":"connecting to mongodb","time":"2018-12-02T15:25:08.010Z","v":0}
{"name":"letUsKnow","hostname":"avis-MBP","pid":7353,"level":30,"msg":"listing to port 3000","time":"2018-12-03T15:46:12.981Z","v":0}
{"name":"letUsKnow","hostname":"avis-MBP","pid":7353,"level":30,"msg":"connecting to mongodb","time":"2018-12-03T15:46:13.098Z","v":0}
{"name":"letUsKnow","hostname":"avis-MBP","pid":7353,"level":30,"msg":"connecting to mongodb","time":"2018-12-03T15:46:13.106Z","v":0}
{"name":"letUsKnow","hostname":"avis-MBP","pid":7371,"level":30,"msg":"listing to port 3000","time":"2018-12-03T15:49:03.363Z","v":0}
{"name":"letUsKnow","hostname":"avis-MBP","pid":7371,"level":30,"msg":"connecting to mongodb","time":"2018-12-03T15:49:03.387Z","v":0}
{"name":"letUsKnow","hostname":"avis-MBP","pid":7371,"level":30,"msg":"connecting to mongodb","time":"2018-12-03T15:49:03.393Z","v":0}
{"name":"letUsKnow","hostname":"avis-MBP","pid":7643,"level":30,"msg":"listing to port 3000","time":"2018-12-03T17:17:49.079Z","v":0}
{"name":"letUsKnow","hostname":"avis-MBP","pid":7643,"level":30,"msg":"connecting to mongodb","time":"2018-12-03T17:17:49.102Z","v":0}
{"name":"letUsKnow","hostname":"avis-MBP","pid":7643,"level":30,"msg":"connecting to mongodb","time":"2018-12-03T17:17:49.107Z","v":0}
{"name":"letUsKnow","hostname":"avis-MBP","pid":9480,"level":30,"msg":"listing to port 3000","time":"2018-12-04T08:44:40.804Z","v":0}
{"name":"letUsKnow","hostname":"avis-MBP","pid":9480,"level":30,"msg":"connecting to mongodb","time":"2018-12-04T08:44:40.878Z","v":0}
{"name":"letUsKnow","hostname":"avis-MBP","pid":9480,"level":30,"msg":"connecting to mongodb","time":"2018-12-04T08:44:40.883Z","v":0}
{"name":"letUsKnow","hostname":"avis-MBP","pid":9913,"level":30,"msg":"listing to port 3000","time":"2018-12-04T09:58:19.434Z","v":0}
{"name":"letUsKnow","hostname":"avis-MBP","pid":9913,"level":30,"msg":"connecting to mongodb","time":"2018-12-04T09:58:19.530Z","v":0}
{"name":"letUsKnow","hostname":"avis-MBP","pid":9913,"level":30,"msg":"connecting to mongodb","time":"2018-12-04T09:58:19.531Z","v":0}
{"name":"letUsKnow","hostname":"avis-MBP","pid":10007,"level":30,"msg":"listing to port 3000","time":"2018-12-04T10:33:16.782Z","v":0}
{"name":"letUsKnow","hostname":"avis-MBP","pid":10007,"level":30,"msg":"connecting to mongodb","time":"2018-12-04T10:33:16.805Z","v":0}
{"name":"letUsKnow","hostname":"avis-MBP","pid":10007,"level":30,"msg":"connecting to mongodb","time":"2018-12-04T10:33:16.821Z","v":0}
{"name":"letUsKnow","hostname":"avis-MBP","pid":10053,"level":30,"msg":"listing to port 3000","time":"2018-12-04T10:52:33.756Z","v":0}
{"name":"letUsKnow","hostname":"avis-MBP","pid":10053,"level":30,"msg":"connecting to mongodb","time":"2018-12-04T10:52:33.779Z","v":0}
{"name":"letUsKnow","hostname":"avis-MBP","pid":10053,"level":30,"msg":"connecting to mongodb","time":"2018-12-04T10:52:33.787Z","v":0}
{"name":"letUsKnow","hostname":"avis-MBP","pid":10090,"level":30,"msg":"listing to port 3000","time":"2018-12-04T10:59:18.541Z","v":0}
{"name":"letUsKnow","hostname":"avis-MBP","pid":10090,"level":30,"msg":"connecting to mongodb","time":"2018-12-04T10:59:18.565Z","v":0}
{"name":"letUsKnow","hostname":"avis-MBP","pid":10090,"level":30,"msg":"connecting to mongodb","time":"2018-12-04T10:59:18.574Z","v":0}
{"name":"letUsKnow","hostname":"avis-MBP","pid":10103,"level":30,"msg":"listing to port 3000","time":"2018-12-04T11:01:33.158Z","v":0}
{"name":"letUsKnow","hostname":"avis-MBP","pid":10103,"level":30,"msg":"connecting to mongodb","time":"2018-12-04T11:01:33.182Z","v":0}
{"name":"letUsKnow","hostname":"avis-MBP","pid":10103,"level":30,"msg":"connecting to mongodb","time":"2018-12-04T11:01:33.187Z","v":0}
{"name":"letUsKnow","hostname":"avis-MBP","pid":10114,"level":30,"msg":"listing to port 3000","time":"2018-12-04T11:02:29.610Z","v":0}
{"name":"letUsKnow","hostname":"avis-MBP","pid":10114,"level":30,"msg":"connecting to mongodb","time":"2018-12-04T11:02:29.633Z","v":0}
{"name":"letUsKnow","hostname":"avis-MBP","pid":10114,"level":30,"msg":"connecting to mongodb","time":"2018-12-04T11:02:29.639Z","v":0}
{"name":"letUsKnow","hostname":"avis-MBP","pid":10127,"level":30,"msg":"listing to port 3000","time":"2018-12-04T11:04:37.169Z","v":0}
{"name":"letUsKnow","hostname":"avis-MBP","pid":10127,"level":30,"msg":"connecting to mongodb","time":"2018-12-04T11:04:37.195Z","v":0}
{"name":"letUsKnow","hostname":"avis-MBP","pid":10127,"level":30,"msg":"connecting to mongodb","time":"2018-12-04T11:04:37.200Z","v":0}
{"name":"letUsKnow","hostname":"avis-MBP","pid":10170,"level":30,"msg":"listing to port 3000","time":"2018-12-04T11:21:15.229Z","v":0}
{"name":"letUsKnow","hostname":"avis-MBP","pid":10170,"level":30,"msg":"connecting to mongodb","time":"2018-12-04T11:21:15.283Z","v":0}
{"name":"letUsKnow","hostname":"avis-MBP","pid":10170,"level":30,"msg":"connecting to mongodb","time":"2018-12-04T11:21:15.290Z","v":0}
{"name":"letUsKnow","hostname":"avis-MBP","pid":10181,"level":30,"msg":"listing to port 3000","time":"2018-12-04T11:22:21.235Z","v":0}
{"name":"letUsKnow","hostname":"avis-MBP","pid":10181,"level":30,"msg":"connecting to mongodb","time":"2018-12-04T11:22:21.260Z","v":0}
{"name":"letUsKnow","hostname":"avis-MBP","pid":10181,"level":30,"msg":"connecting to mongodb","time":"2018-12-04T11:22:21.266Z","v":0}
{"name":"letUsKnow","hostname":"avis-MBP","pid":10198,"level":30,"msg":"listing to port 3000","time":"2018-12-04T11:24:05.370Z","v":0}
{"name":"letUsKnow","hostname":"avis-MBP","pid":10198,"level":30,"msg":"connecting to mongodb","time":"2018-12-04T11:24:05.401Z","v":0}
{"name":"letUsKnow","hostname":"avis-MBP","pid":10198,"level":30,"msg":"connecting to mongodb","time":"2018-12-04T11:24:05.408Z","v":0}
{"name":"letUsKnow","hostname":"avis-MBP","pid":10210,"level":30,"msg":"listing to port 3000","time":"2018-12-04T11:24:44.158Z","v":0}
{"name":"letUsKnow","hostname":"avis-MBP","pid":10210,"level":30,"msg":"connecting to mongodb","time":"2018-12-04T11:24:44.199Z","v":0}
{"name":"letUsKnow","hostname":"avis-MBP","pid":10210,"level":30,"msg":"connecting to mongodb","time":"2018-12-04T11:24:44.204Z","v":0}
{"name":"letUsKnow","hostname":"avis-MBP","pid":10222,"level":30,"msg":"listing to port 3000","time":"2018-12-04T11:27:02.035Z","v":0}
{"name":"letUsKnow","hostname":"avis-MBP","pid":10222,"level":30,"msg":"connecting to mongodb","time":"2018-12-04T11:27:02.058Z","v":0}
{"name":"letUsKnow","hostname":"avis-MBP","pid":10222,"level":30,"msg":"connecting to mongodb","time":"2018-12-04T11:27:02.063Z","v":0}
{"name":"letUsKnow","hostname":"avis-MBP","pid":10244,"level":30,"msg":"listing to port 3000","time":"2018-12-04T11:47:13.185Z","v":0}
{"name":"letUsKnow","hostname":"avis-MBP","pid":10244,"level":30,"msg":"connecting to mongodb","time":"2018-12-04T11:47:13.210Z","v":0}
{"name":"letUsKnow","hostname":"avis-MBP","pid":10244,"level":30,"msg":"connecting to mongodb","time":"2018-12-04T11:47:13.215Z","v":0}
{"name":"letUsKnow","hostname":"avis-MBP","pid":10264,"level":30,"msg":"listing to port 3000","time":"2018-12-04T11:53:55.405Z","v":0}
{"name":"letUsKnow","hostname":"avis-MBP","pid":10264,"level":30,"msg":"connecting to mongodb","time":"2018-12-04T11:53:55.428Z","v":0}
{"name":"letUsKnow","hostname":"avis-MBP","pid":10264,"level":30,"msg":"connecting to mongodb","time":"2018-12-04T11:53:55.434Z","v":0}
{"name":"letUsKnow","hostname":"avis-MBP","pid":10278,"level":30,"msg":"listing to port 3000","time":"2018-12-04T11:56:15.635Z","v":0}
{"name":"letUsKnow","hostname":"avis-MBP","pid":10278,"level":30,"msg":"connecting to mongodb","time":"2018-12-04T11:56:15.659Z","v":0}
{"name":"letUsKnow","hostname":"avis-MBP","pid":10278,"level":30,"msg":"connecting to mongodb","time":"2018-12-04T11:56:15.665Z","v":0}
{"name":"letUsKnow","hostname":"avis-MBP","pid":10290,"level":30,"msg":"listing to port 3000","time":"2018-12-04T11:57:20.907Z","v":0}
{"name":"letUsKnow","hostname":"avis-MBP","pid":10290,"level":30,"msg":"connecting to mongodb","time":"2018-12-04T11:57:20.936Z","v":0}
{"name":"letUsKnow","hostname":"avis-MBP","pid":10290,"level":30,"msg":"connecting to mongodb","time":"2018-12-04T11:57:20.943Z","v":0}
{"name":"letUsKnow","hostname":"avis-MBP","pid":10301,"level":30,"msg":"listing to port 3000","time":"2018-12-04T11:58:15.649Z","v":0}
{"name":"letUsKnow","hostname":"avis-MBP","pid":10301,"level":30,"msg":"connecting to mongodb","time":"2018-12-04T11:58:15.709Z","v":0}
{"name":"letUsKnow","hostname":"avis-MBP","pid":10301,"level":30,"msg":"connecting to mongodb","time":"2018-12-04T11:58:15.716Z","v":0}
{"name":"letUsKnow","hostname":"avis-MBP","pid":10312,"level":30,"msg":"listing to port 3000","time":"2018-12-04T11:58:54.937Z","v":0}
{"name":"letUsKnow","hostname":"avis-MBP","pid":10312,"level":30,"msg":"connecting to mongodb","time":"2018-12-04T11:58:54.987Z","v":0}
{"name":"letUsKnow","hostname":"avis-MBP","pid":10312,"level":30,"msg":"connecting to mongodb","time":"2018-12-04T11:58:55.112Z","v":0}
{"name":"letUsKnow","hostname":"avis-MBP","pid":10328,"level":30,"msg":"listing to port 3000","time":"2018-12-04T12:01:22.917Z","v":0}
{"name":"letUsKnow","hostname":"avis-MBP","pid":10328,"level":30,"msg":"connecting to mongodb","time":"2018-12-04T12:01:22.950Z","v":0}
{"name":"letUsKnow","hostname":"avis-MBP","pid":10328,"level":30,"msg":"connecting to mongodb","time":"2018-12-04T12:01:22.955Z","v":0}
{"name":"letUsKnow","hostname":"avis-MBP","pid":10342,"level":30,"msg":"listing to port 3000","time":"2018-12-04T12:04:36.315Z","v":0}
{"name":"letUsKnow","hostname":"avis-MBP","pid":10342,"level":30,"msg":"connecting to mongodb","time":"2018-12-04T12:04:36.336Z","v":0}
{"name":"letUsKnow","hostname":"avis-MBP","pid":10342,"level":30,"msg":"connecting to mongodb","time":"2018-12-04T12:04:36.341Z","v":0}
{"name":"letUsKnow","hostname":"avis-MBP","pid":10353,"level":30,"msg":"listing to port 3000","time":"2018-12-04T12:05:19.036Z","v":0}
{"name":"letUsKnow","hostname":"avis-MBP","pid":10353,"level":30,"msg":"connecting to mongodb","time":"2018-12-04T12:05:19.058Z","v":0}
{"name":"letUsKnow","hostname":"avis-MBP","pid":10353,"level":30,"msg":"connecting to mongodb","time":"2018-12-04T12:05:19.066Z","v":0}
{"name":"letUsKnow","hostname":"avis-MBP","pid":10367,"level":30,"msg":"listing to port 3000","time":"2018-12-04T12:10:42.632Z","v":0}
{"name":"letUsKnow","hostname":"avis-MBP","pid":10367,"level":30,"msg":"connecting to mongodb","time":"2018-12-04T12:10:42.689Z","v":0}
{"name":"letUsKnow","hostname":"avis-MBP","pid":10367,"level":30,"msg":"connecting to mongodb","time":"2018-12-04T12:10:42.698Z","v":0}
{"name":"letUsKnow","hostname":"avis-MBP","pid":10381,"level":30,"msg":"listing to port 3000","time":"2018-12-04T12:14:16.067Z","v":0}
{"name":"letUsKnow","hostname":"avis-MBP","pid":10381,"level":30,"msg":"connecting to mongodb","time":"2018-12-04T12:14:16.090Z","v":0}
{"name":"letUsKnow","hostname":"avis-MBP","pid":10381,"level":30,"msg":"connecting to mongodb","time":"2018-12-04T12:14:16.096Z","v":0}
{"name":"letUsKnow","hostname":"avis-MBP","pid":10392,"level":30,"msg":"listing to port 3000","time":"2018-12-04T12:15:12.407Z","v":0}
{"name":"letUsKnow","hostname":"avis-MBP","pid":10392,"level":30,"msg":"connecting to mongodb","time":"2018-12-04T12:15:12.431Z","v":0}
{"name":"letUsKnow","hostname":"avis-MBP","pid":10392,"level":30,"msg":"connecting to mongodb","time":"2018-12-04T12:15:12.437Z","v":0}
{"name":"letUsKnow","hostname":"avis-MBP","pid":10402,"level":30,"msg":"listing to port 3000","time":"2018-12-04T12:15:32.549Z","v":0}
{"name":"letUsKnow","hostname":"avis-MBP","pid":10402,"level":30,"msg":"connecting to mongodb","time":"2018-12-04T12:15:32.570Z","v":0}
{"name":"letUsKnow","hostname":"avis-MBP","pid":10402,"level":30,"msg":"connecting to mongodb","time":"2018-12-04T12:15:32.575Z","v":0}
{"name":"letUsKnow","hostname":"avis-MBP","pid":10413,"level":30,"msg":"listing to port 3000","time":"2018-12-04T12:15:52.805Z","v":0}
{"name":"letUsKnow","hostname":"avis-MBP","pid":10413,"level":30,"msg":"connecting to mongodb","time":"2018-12-04T12:15:52.827Z","v":0}
{"name":"letUsKnow","hostname":"avis-MBP","pid":10413,"level":30,"msg":"connecting to mongodb","time":"2018-12-04T12:15:52.833Z","v":0}
{"name":"letUsKnow","hostname":"avis-MBP","pid":10427,"level":30,"msg":"listing to port 3000","time":"2018-12-04T12:18:14.671Z","v":0}
{"name":"letUsKnow","hostname":"avis-MBP","pid":10427,"level":30,"msg":"connecting to mongodb","time":"2018-12-04T12:18:14.733Z","v":0}
{"name":"letUsKnow","hostname":"avis-MBP","pid":10427,"level":30,"msg":"connecting to mongodb","time":"2018-12-04T12:18:14.740Z","v":0}
{"name":"letUsKnow","hostname":"avis-MBP","pid":10440,"level":30,"msg":"listing to port 3000","time":"2018-12-04T12:19:12.008Z","v":0}
{"name":"letUsKnow","hostname":"avis-MBP","pid":10440,"level":30,"msg":"connecting to mongodb","time":"2018-12-04T12:19:12.042Z","v":0}
{"name":"letUsKnow","hostname":"avis-MBP","pid":10440,"level":30,"msg":"connecting to mongodb","time":"2018-12-04T12:19:12.054Z","v":0}
{"name":"letUsKnow","hostname":"avis-MBP","pid":10451,"level":30,"msg":"listing to port 3000","time":"2018-12-04T12:19:28.811Z","v":0}
{"name":"letUsKnow","hostname":"avis-MBP","pid":10451,"level":30,"msg":"connecting to mongodb","time":"2018-12-04T12:19:28.833Z","v":0}
{"name":"letUsKnow","hostname":"avis-MBP","pid":10451,"level":30,"msg":"connecting to mongodb","time":"2018-12-04T12:19:28.839Z","v":0}
{"name":"letUsKnow","hostname":"avis-MBP","pid":10476,"level":30,"msg":"listing to port 3000","time":"2018-12-04T12:21:46.786Z","v":0}
{"name":"letUsKnow","hostname":"avis-MBP","pid":10476,"level":30,"msg":"connecting to mongodb","time":"2018-12-04T12:21:46.809Z","v":0}
{"name":"letUsKnow","hostname":"avis-MBP","pid":10476,"level":30,"msg":"connecting to mongodb","time":"2018-12-04T12:21:46.817Z","v":0}
{"name":"letUsKnow","hostname":"avis-MBP","pid":10564,"level":30,"msg":"listing to port 3000","time":"2018-12-04T12:51:40.903Z","v":0}
{"name":"letUsKnow","hostname":"avis-MBP","pid":10564,"level":30,"msg":"connecting to mongodb","time":"2018-12-04T12:51:40.957Z","v":0}
{"name":"letUsKnow","hostname":"avis-MBP","pid":10564,"level":30,"msg":"connecting to mongodb","time":"2018-12-04T12:51:40.963Z","v":0}
{"name":"letUsKnow","hostname":"avis-MBP","pid":10930,"level":30,"msg":"listing to port 3000","time":"2018-12-04T13:47:47.847Z","v":0}
{"name":"letUsKnow","hostname":"avis-MBP","pid":10930,"level":30,"msg":"connecting to mongodb","time":"2018-12-04T13:47:47.904Z","v":0}
{"name":"letUsKnow","hostname":"avis-MBP","pid":10930,"level":30,"msg":"connecting to mongodb","time":"2018-12-04T13:47:47.913Z","v":0}
{"name":"letUsKnow","hostname":"avis-MBP","pid":10987,"level":30,"msg":"listing to port 3000","time":"2018-12-04T14:08:11.623Z","v":0}
{"name":"letUsKnow","hostname":"avis-MBP","pid":10987,"level":30,"msg":"connecting to mongodb","time":"2018-12-04T14:08:11.645Z","v":0}
{"name":"letUsKnow","hostname":"avis-MBP","pid":10987,"level":30,"msg":"connecting to mongodb","time":"2018-12-04T14:08:11.651Z","v":0}
{"name":"letUsKnow","hostname":"avis-MBP","pid":11058,"level":30,"msg":"listing to port 3000","time":"2018-12-04T16:21:35.406Z","v":0}
{"name":"letUsKnow","hostname":"avis-MBP","pid":11058,"level":30,"msg":"connecting to mongodb","time":"2018-12-04T16:21:35.466Z","v":0}
{"name":"letUsKnow","hostname":"avis-MBP","pid":11058,"level":30,"msg":"connecting to mongodb","time":"2018-12-04T16:21:35.475Z","v":0}
{"name":"letUsKnow","hostname":"avis-MBP","pid":11074,"level":30,"msg":"listing to port 3000","time":"2018-12-04T16:21:52.571Z","v":0}
{"name":"letUsKnow","hostname":"avis-MBP","pid":11074,"level":30,"msg":"connecting to mongodb","time":"2018-12-04T16:21:52.593Z","v":0}
{"name":"letUsKnow","hostname":"avis-MBP","pid":11074,"level":30,"msg":"connecting to mongodb","time":"2018-12-04T16:21:52.599Z","v":0}
{"name":"letUsKnow","hostname":"avis-MBP","pid":11085,"level":30,"msg":"listing to port 3000","time":"2018-12-04T16:22:31.135Z","v":0}
{"name":"letUsKnow","hostname":"avis-MBP","pid":11085,"level":30,"msg":"connecting to mongodb","time":"2018-12-04T16:22:31.160Z","v":0}
{"name":"letUsKnow","hostname":"avis-MBP","pid":11085,"level":30,"msg":"connecting to mongodb","time":"2018-12-04T16:22:31.168Z","v":0}
{"name":"letUsKnow","hostname":"avis-MBP","pid":11097,"level":30,"msg":"listing to port 3000","time":"2018-12-04T16:24:06.354Z","v":0}
{"name":"letUsKnow","hostname":"avis-MBP","pid":11097,"level":30,"msg":"connecting to mongodb","time":"2018-12-04T16:24:06.377Z","v":0}
{"name":"letUsKnow","hostname":"avis-MBP","pid":11097,"level":30,"msg":"connecting to mongodb","time":"2018-12-04T16:24:06.383Z","v":0}
{"name":"letUsKnow","hostname":"avis-MBP","pid":11132,"level":30,"msg":"listing to port 3000","time":"2018-12-04T16:37:35.855Z","v":0}
{"name":"letUsKnow","hostname":"avis-MBP","pid":11132,"level":30,"msg":"connecting to mongodb","time":"2018-12-04T16:37:35.881Z","v":0}
{"name":"letUsKnow","hostname":"avis-MBP","pid":11132,"level":30,"msg":"connecting to mongodb","time":"2018-12-04T16:37:35.886Z","v":0}
{"name":"letUsKnow","hostname":"avis-MBP","pid":11152,"level":30,"msg":"listing to port 3000","time":"2018-12-04T16:41:26.342Z","v":0}
{"name":"letUsKnow","hostname":"avis-MBP","pid":11152,"level":30,"msg":"connecting to mongodb","time":"2018-12-04T16:41:26.406Z","v":0}
{"name":"letUsKnow","hostname":"avis-MBP","pid":11152,"level":30,"msg":"connecting to mongodb","time":"2018-12-04T16:41:26.505Z","v":0}
{"name":"letUsKnow","hostname":"avis-MBP","pid":11162,"level":30,"msg":"listing to port 3000","time":"2018-12-04T16:41:53.292Z","v":0}
{"name":"letUsKnow","hostname":"avis-MBP","pid":11162,"level":30,"msg":"connecting to mongodb","time":"2018-12-04T16:41:53.314Z","v":0}
{"name":"letUsKnow","hostname":"avis-MBP","pid":11162,"level":30,"msg":"connecting to mongodb","time":"2018-12-04T16:41:53.321Z","v":0}
{"name":"letUsKnow","hostname":"avis-MacBook-Pro.local","pid":11419,"level":30,"msg":"listing to port 3000","time":"2018-12-05T07:06:55.136Z","v":0}
{"name":"letUsKnow","hostname":"avis-MacBook-Pro.local","pid":11419,"level":30,"msg":"connecting to mongodb","time":"2018-12-05T07:06:55.210Z","v":0}
{"name":"letUsKnow","hostname":"avis-MacBook-Pro.local","pid":11419,"level":30,"msg":"connecting to mongodb","time":"2018-12-05T07:06:55.283Z","v":0}
{"name":"letUsKnow","hostname":"avis-MacBook-Pro.local","pid":11503,"level":30,"msg":"listing to port 3000","time":"2018-12-05T07:27:14.549Z","v":0}
{"name":"letUsKnow","hostname":"avis-MacBook-Pro.local","pid":11503,"level":30,"msg":"connecting to mongodb","time":"2018-12-05T07:27:14.582Z","v":0}
{"name":"letUsKnow","hostname":"avis-MacBook-Pro.local","pid":11503,"level":30,"msg":"connecting to mongodb","time":"2018-12-05T07:27:14.594Z","v":0}
